============================
Start suggest inherit (log file: SuggestInheritance.log)
----------------------------
[INFO]: P:    T:    R:    Z:    
	Immortal/Gateway default: 
	Immortal/WarpGate default: 

[INFO]: P:    T: 3   R: Q   Z: H   
	EvolveK5Cooldowns/EvolutionChamber default: E
	EvolveSunderingGlave/GreaterSpire default: S
	EvolveSunderingGlave/Spire default: S

[INFO]: P:    T: 4   R: S   Z: S   
	EvolveBanelingRupture/BanelingNest default: R
	EvolveHardenedCarapace/SpawningPool default: C
	EvolveTissueAssimilation/UltraliskCavern default: T

[INFO]: P:    T: 5   R: A   Z: V   
	EvolveBroodLordSpeed/GreaterSpire default: P
	EvolveBroodLordSpeed/Spire default: P

[INFO]: P:    T: D   R: 2   Z: G   
	EnableBuildingAttackScourge/Scourge default: F
	ZagaraVoidCoopBanelingBarrage/ZagaraVoidCoop default: Q

[INFO]: P:    T: D   R: F   Z: 2   
	EvolveMutaliskRapidRegeneration/GreaterSpire default: R
	EvolveMutaliskRapidRegeneration/Spire default: R
	EvolveScourgeGasCostReduction/ScourgeNest default: G
	EvolveZerglingArmorShred/SpawningPool default: R

[INFO]: P:    T: D   R: F   Z: W   
	EvolveAncillaryCarapace/HydraliskDen default: C
	EvolveAncillaryCarapace/ImpalerDen default: C
	EvolveAncillaryCarapace/LurkerDen default: C

[INFO]: P:    T: R   R: R   Z: 2   
	EvolveFrenzy/HydraliskDen default: F
	EvolveFrenzy/ImpalerDen default: F
	EvolveFrenzy/LurkerDen default: F

[INFO]: P:    T: T   R: A   Z: H   
	KerriganVoidCoopCrushingGripWave/K5Kerrigan default: D
	MassRoachDrop/ZagaraVoidCoop default: D

[INFO]: P: R, B   T: R, B   R: R, B   Z: R, B   
	Raven/VoidRift default: R, B
	Raven/VoidRiftUnselectable default: R, B

[INFO]: P: 3   T: 5   R: 5   Z: S   
	FleetBeacon/Harvester default:  copyof: FleetBeacon/Probe default: F
	FleetBeacon/Probe default: F

[INFO]: P: 3   T: 5   R: 5   Z: V   
	HireDukesRevenge/MercCompound default: U
	ResearchStabilizerMedPacks/BarracksTechLab default: S,E
	ResearchStabilizerMedPacks/BarracksTechReactor default: S,E copyof: ResearchStabilizerMedPacks/BarracksTechLab default: S,E

[INFO]: P: 3   T: 5   R: T   Z: V   
	Carrier/Stargate default: C
	Carrier/StargateWarp default: C copyof: Carrier/Stargate default: C
	Research330mmBarrageCannon/FactoryTechLab default: C
	Research330mmBarrageCannon/FactoryTechReactor default: C
	Thor/Factory default: T

[INFO]: P: 3   T: C   R: 5   Z: S   
	CyberneticsCore/Harvester default:  copyof: CyberneticsCore/Probe default: Y
	CyberneticsCore/Probe default: Y

[INFO]: P: 3   T: C   R: 5   Z: V   
	MorphToMutaliskBroodlord/Larva default: T copyof: Mutalisk/Larva default: T
	MorphToMutaliskViper/Larva default: T copyof: Mutalisk/Larva default: T
	Mutalisk/Larva default: T

[INFO]: P: 3   T: C   R: A   Z: S   
	Bunker/SCV default: U
	BunkerFortified/SCV default: U copyof: Bunker/SCV default: U
	SpineCrawler/Drone default: C

[INFO]: P: 3   T: D   R: 2   Z: S   
	LurkerHoldFire/LurkerBurrowed default: F copyof: LurkerHoldFire/LurkerMPBurrowed default: F
	LurkerHoldFire/LurkerMPBurrowed default: F

[INFO]: P: 3   T: D   R: A   Z: A   
	WarpPrismHallucination/Nexus default:  copyof: WarpPrismHallucination/Sentry default: R
	WarpPrismHallucination/Voranor default:  copyof: WarpPrismHallucination/Sentry default: R

[INFO]: P: 3   T: F   R: 2   Z: Q   
	Colossus/RoboticsFacility default: C
	Colossus/RoboticsFacilityWarp default: C copyof: Colossus/RoboticsFacility default: C
	ResearchKaraxTurretAttackSpeed/Forge default: E
	ResearchRegenerativeBioSteel/Armory default: B

[INFO]: P: 4   T: 3   R: 2   Z: Q   
	Reactor/Barracks default: C
	Reactor/BarracksFlying default: C copyof: Reactor/Barracks default: C
	Reactor/Factory default: C copyof: Reactor/Barracks default: C
	Reactor/FactoryFlying default: C copyof: Reactor/Barracks default: C
	Reactor/Starport default: C copyof: Reactor/Barracks default: C
	Reactor/StarportFlying default: C copyof: Reactor/Barracks default: C

[INFO]: P: 4   T: 3   R: S,2   Z: S   
	ArbiterMPRecall/ArbiterMP default: R copyof: MothershipCoreMassRecall/MothershipCore default: R
	MassRecall/Artanis default: R copyof: MothershipCoreMassRecall/MothershipCore default: R
	MassRecall/Mothership default: R copyof: MothershipCoreMassRecall/MothershipCore default: R
	MothershipCoreMassRecall/MothershipCore default: R
	MothershipMassRecall/Mothership default: R copyof: MothershipCoreMassRecall/MothershipCore default: R

[INFO]: P: 4   T: 3   R: A   Z: H   
	InfestorConsumption/Infestor default: C
	ViperConsumption/Viper default: C copyof: ViperConsume/Viper default: C

[INFO]: P: 4   T: 3   R: S,A   Z: G   
	SpineCrawlerUproot/SpineCrawler default: R
	SporeCrawlerUproot/SporeCrawler default: R

[INFO]: P: 4   T: 3   R: F   Z: 2   
	ResearchVoidStasis/DarkShrine default: V
	VoidStasis/DarkTemplarShakuras default: V
	VoidStasis/VorazunShadowGuard default: V

[INFO]: P: 4   T: 3   R: F   Z: S   
	AdeptResearchPiercingUpgrade/TwilightCouncil default: A
	WarpInAdept/Gateway default: H
	WarpInAdept/WarpGate default: H

[INFO]: P: 4   T: 3   R: R   Z: 2   
	ResearchMultiLockWeaponsSystem/FactoryTechLab default: L
	ResearchMultiLockWeaponsSystem/FactoryTechReactor default: L

[INFO]: P: 4   T: 3   R: S   Z: 2   
	Armory/SCV default: A
	CloakOff default: D
	ResearchNeuralParasite/InfestationPit default: E
	TwilightCouncil/Harvester default:  copyof: TwilightCouncil/Probe default: C
	TwilightCouncil/Probe default: C
	VoidSentryMobileMode/SentryPurifier default: T
	WraithCloakOff/Wraith default: D copyof: CloakOff default: D

[INFO]: P: 4   T: 3   R: S   Z: G   
	BurrowUp default: R
	LurkerBurrowUp default: R copyof: BurrowUp default: R
	SwarmHostBurrowUp default: R
	SwarmHostUproot default: R copyof: SwarmHostBurrowUp default: R
	SwarmHostUproot/SwarmHostRooted default:  copyof: SwarmHostBurrowUp default: R
	SwarmHostUproot/SwarmHostSplitARooted default:  copyof: SwarmHostBurrowUp default: R
	SwarmHostUproot/SwarmHostSplitBRooted default:  copyof: SwarmHostBurrowUp default: R
	SwarmHostUprootUnburrow/SwarmHostBurrowed default:  copyof: SwarmHostBurrowUp default: R
	SwarmHostUprootUnburrow/SwarmHostSplitABurrowed default:  copyof: SwarmHostBurrowUp default: R
	SwarmHostUprootUnburrow/SwarmHostSplitBBurrowed default:  copyof: SwarmHostBurrowUp default: R

[INFO]: P: 4   T: 3   R: S   Z: G,N   
	BurrowHydraliskImpalerUp default:  copyof: BurrowUp default: R
	BurrowHydraliskLurkerUp default:  copyof: BurrowUp default: R
	ImpalerBurrowUp default: R copyof: BurrowUp default: R

[INFO]: P: 4   T: 3   R: S   Z: S   
	DarkPylonRecall/DarkPylon default: R copyof: MothershipCoreMassRecall/MothershipCore default: R
	Impaler/HydraliskImpaler default: E, I copyof: LurkerMP/Hydralisk default: E

[INFO]: P: 4   T: 4   R: R   Z: S   
	Interceptor/Carrier default: I
	Interceptor/CarrierAiur default: I copyof: Interceptor/Carrier default: I

[INFO]: P: 4   T: 4   R: S   Z: G   
	ExplosiveMode default: D
	FighterMode default: E
	LiberatorAAMode/Liberator default: D
	MorphToHellion/Hellion default: E
	OracleWeaponOff default: D
	OracleWeaponOff/Oracle default: D copyof: OracleWeaponOff default: D
	Raise/SupplyDepotLowered default: R
	TargetLock/Monitor default: T
	Unsiege default: D
	WidowMineUnburrow/WidowMine default: D

[INFO]: P: 4   T: 4   R: S   Z: Q   
	CommandCenterUnloadAll default: D
	UpgradeBuildingArmorLevel1/EngineeringBay default: B
	VoidZealotShadowChargeStun/ZealotShakuras default: Z
	VoidZealotWhirlwind/ZealotAiur default: E

[INFO]: P: 4   T: 4   R: S   Z: S   
	ExperimentalPlasmaGun/Raynor default: G
	GuardianShield/Sentry default: G
	GuardianShield/Sentry2 default:  copyof: GuardianShield/Sentry default: G
	GuardianShield/SentryAiur default: G copyof: GuardianShield/Sentry default: G
	Immortal/RoboticsFacility default: I
	Immortal/RoboticsFacilityWarp default: I copyof: Immortal/RoboticsFacility default: I
	ResearchHealingPsionicStorm/TemplarArchive default: H
	SOAMothershipLineAttack/SOAMothershipv4 default: R
	TerranShipWeaponsLevel1/Armory default: S
	VoidRay/Stargate default: V
	VoidRay/StargateWarp default: V copyof: VoidRay/Stargate default: V
	VoodooShield/Immortal default:  copyof: GuardianShield/Sentry default: G

[INFO]: P: 4   T: 4   R: T   Z: V   
	ResearchStrikeCannons/FactoryTechLab default: C
	ResearchStrikeCannons/FactoryTechReactor default:  copyof: ResearchStrikeCannons/FactoryTechLab default: C

[INFO]: P: 4   T: D   R: 2   Z: 2   
	ResearchRegenerativeBioSteel/FactoryTechLab default: R
	ResearchRegenerativeBioSteel/FactoryTechReactor default: C copyof: ResearchRegenerativeBioSteel/FactoryTechLab default: R

[INFO]: P: 4   T: D   R: 2   Z: S   
	AWrp default: C
	ArchonAdvancedMergeSelection default: C

[INFO]: P: 4   T: D   R: A   Z: S   
	BuildCreepTumor/BroodMother default: C copyof: BuildCreepTumor/Queen default: C
	BuildCreepTumor/Queen default: C
	BuildCreepTumor/Queen2 default:  copyof: BuildCreepTumor/Queen default: C
	BuildCreepTumorPropagate/CreepTumorBurrowed default: C
	SwarmQueenCorpser/HugeSwarmQueen default: E copyof: SwarmQueenRoach/HugeSwarmQueen default: E
	SwarmQueenCorpser/LargeSwarmQueen default: E copyof: SwarmQueenRoach/HugeSwarmQueen default: E
	SwarmQueenCorpser/SwarmQueen default:  copyof: SwarmQueenRoach/HugeSwarmQueen default: E
	SwarmQueenRoach/HugeSwarmQueen default: E
	SwarmQueenRoach/LargeSwarmQueen default: E copyof: SwarmQueenRoach/HugeSwarmQueen default: E
	SwarmQueenRoach/SwarmQueenEgg default: E copyof: SwarmQueenRoach/HugeSwarmQueen default: E
	SwarmQueenVile/HugeSwarmQueen default: E copyof: SwarmQueenRoach/HugeSwarmQueen default: E
	SwarmQueenVile/LargeSwarmQueen default: E copyof: SwarmQueenRoach/HugeSwarmQueen default: E
	SwarmQueenVile/SwarmQueen default:  copyof: SwarmQueenRoach/HugeSwarmQueen default: E

[INFO]: P: 4   T: D   R: F   Z: S   
	ImmortalShakurasShadowCannon/ImmortalAiur default: C
	ImmortalShakurasShadowCannon/ImmortalShakuras default: C
	Mothership/Nexus default: M copyof: MothershipCore/Nexus default: M
	MothershipCore/Nexus default: M

[INFO]: P: 4   T: D   R: R   Z: S   
	PsiStrike/K5Kerrigan default:  copyof: PsionicLift/K5Kerrigan default: W, T
	PsionicLift/K5Kerrigan default: W, T
	PsionicLift/KerriganGhostLab default: W, T copyof: PsionicLift/K5Kerrigan default: W, T
	PsionicLift/KerriganVoid default: T, W copyof: PsionicLift/K5Kerrigan default: W, T

[INFO]: P: 4   T: D   R: S   Z: G   
	Baneling/Zergling default: E
	Lurker/Hydralisk default:  copyof: LurkerMP/Hydralisk default: E
	Lurker/HydraliskLurker default: E copyof: LurkerMP/Hydralisk default: E
	LurkerMP/Hydralisk default: E
	MorphtoObserver/Observer default: T
	Ravager/Roach default: V
	ResearchDurableMaterials/StarportTechLab default: D
	ResearchDurableMaterials/StarportTechReactor default: D copyof: ResearchDurableMaterials/StarportTechLab default: D
	TransportMode/WarpPrism default: T

[INFO]: P: 4   T: D   R: S   Z: S   
	DefensiveMatrixTarget/ScienceVessel default: D
	DehakaMirrorImage/Dehaka default: W, T
	GreaterSpire/Spire default: G
	PoisonNova/HotSNoxious default: W, T
	ProtossShieldsLevel1/Forge default: S
	ResearchWhirlwind/TwilightCouncil default: D
	ZeratulStun/Zeratul default: V
	ZeratulStun/ZeratulVoid default: V copyof: ZeratulStun/Zeratul default: V
	zergmeleeweapons1/EvolutionChamber default: M

[INFO]: P: 4   T: D,Z   R: F,6   Z: S   
	BuildAutoTurret/Raven default: T copyof: AutoTurret/Raven default: T
	DutchPlaceTurret/Swann default: T copyof: AutoTurret/Raven default: T

[INFO]: P: 4   T: F   R: Q   Z: G   
	CommandCenter/SCV default: C
	CommandCenterOrbRelay/SCV default: C copyof: CommandCenter/SCV default: C
	Hatchery/Drone default: H
	Nexus/Harvester default:  copyof: Nexus/Probe default: N
	Nexus/Probe default: N

[INFO]: P: 4   T: R   R: F   Z: G   
	Stim default: T
	StimFirebat/DevilDog default: T copyof: Stim default: T
	StimFirebat/Firebat default: T copyof: Stim default: T
	Stimpack/BarracksTechLab default: T
	Stimpack/BarracksTechReactor default: T copyof: Stimpack/BarracksTechLab default: T

[INFO]: P: 4   T: R   R: S   Z: G   
	Baneling/HotSRaptor default: E copyof: Baneling/Zergling default: E
	Baneling/HotSSwarmling default: E copyof: Baneling/Zergling default: E
	Baneling/Zergling2 default:  copyof: Baneling/Zergling default: E
	MedivacSpeedBoost/Medivac default: B
	MorphToOverseer/Overlord default: V
	MorphtoHunter/HotSRaptor default: E copyof: Baneling/Zergling default: E
	MorphtoHunter/HotSSwarmling default: E copyof: Baneling/Zergling default: E
	MorphtoSplitterling/HotSRaptor default: E copyof: Baneling/Zergling default: E
	MorphtoSplitterling/HotSSwarmling default: E copyof: Baneling/Zergling default: E

[INFO]: P: 4   T: R   R: S   Z: S   
	BroodLord/MutaliskBroodlord default: B copyof: BroodLord/Corruptor default: B
	MutateintoLurkerDen/HydraliskDen default: D
	Viper/MutaliskViper default: E copyof: BroodLord/Corruptor default: B

[INFO]: P: 4   T: R   R: S   Z: W   
	ResearchBarrier/RoboticsBay default: R
	ResearchDoubleGravitonBeam/FleetBeacon default: G

[INFO]: P: 4   T: Z   R: S   Z: 2   
	DisableBuildingAttack/Baneling default: G
	DisableBuildingAttack/HotSHunter default: G copyof: DisableBuildingAttack/Baneling default: G
	DisableBuildingAttack/HotSSplitterlingBig default: G copyof: DisableBuildingAttack/Baneling default: G
	DisableBuildingAttack/baneling default:  copyof: DisableBuildingAttack/Baneling default: G
	DisableBuildingAttack/baneling2 default:  copyof: DisableBuildingAttack/Baneling default: G
	DisableBuildingAttackSplitterling/HotSSplitterlingBig default: G copyof: DisableBuildingAttack/Baneling default: G

[INFO]: P: 4,E   T: R,D   R: F,R   Z: S,G   
	GravitonBeam/Phoenix default: G
	GravitonBeam/PhoenixPurifier default: G
	GravitonBeam/Urun default: G copyof: GravitonBeam/Phoenix default: G
	GravitonBeamVoidCampaign/PhoenixPurifier default: G copyof: GravitonBeam/Phoenix default: G
	KD8Charge/Reaper default: D
	LockOn/Cyclone default: C

[INFO]: P: 5   T: 5   R: 5   Z: 5   
	MutateintoDefilerMound/Drone default: 
	ResearchCharonBooster/FactoryTechLab default: 
	ResearchEngineeredExplosives/BarracksTechLab default: 
	ResearchFortifiedBunkers/EngineeringBay default: 

[INFO]: P: A   T: A   R: A   Z: A   
	BuildKelMorianAutoTurret/KelMorianWorker default: A
	BunkerAttack/InfestedBunker default: A
	CampaignVehicles default: A
	CreepTumor/Queen default: 
	Marine/Epilogue02VoidRift default: A
	Marine/VoidRift default: A
	Marine/VoidRiftUnselectable default: A
	Marine/VoidThrasher default: A
	Marine/VoidThrasherWalker default: A
	MuscularAugments/LurkerDenMP default: A
	Passive default: 
	PrimalConsume/Infestor default: 
	RapidIncubation/SwarmHostBurrowed default: A
	RapidIncubation/SwarmHostRooted default: A
	RepairSupportDroneA/RoguePurifier default: A
	ResearchReaverIncreasedScarabSplashRadius/Reaver default: A
	ResearchTitanReactor/StarportTechLab default: 
	SS_LeviathanTentacleAttackR2/SS_Plane default: A
	TerranInfantryArmorLevel2/EngineeringBay default: A
	TerranInfantryArmorLevel3/EngineeringBay default: A
	WarpInActiveArtanisChampion/TwilightCouncil default: A

[INFO]: P: B   T: 3   R: C   Z: B   
	ImmortalityProtocol/ThorWreckage default: I
	SelfRepair/Thor default: R
	SelfRepair/ThorWreckageSwann default: R
	SwannCommanderRebuild default: R

[INFO]: P: B   T: 4   R: S   Z: S   
	GreaterSpireBroodlord/Spire default: G copyof: GreaterSpire/Spire default: G
	LurkerDen/HydraliskDen default: D

[INFO]: P: B   T: 5   R: 5   Z: A   
	BanelingNest/Drone default: B
	SensorTower/SCV default: N

[INFO]: P: B   T: 6   R: 5   Z: A   
	DarkArchon/Gateway default: A
	DarkArchon/WarpGate default: A

[INFO]: P: B   T: B   R: B   Z: B   
	Aberration/VoidRift default: B
	Aberration/VoidRiftUnselectable default: B
	AberrationProtectiveCover/InfestedAbomination default: B
	AberrationProtectiveCover/InfestedAbominationBurrowed default: B
	ArchAngelCoopBombardment/ArchAngelCoopAssault default: B
	Battlecruiser/SJMercStarport default: B
	Battlecruiser/VoidRift default: B
	Battlecruiser/VoidRiftUnselectable default: B
	BioPlasmidDischarge/Leviathan default: B
	Blink/PitAlarak default: B
	Blink/StalkerShakuras default: B
	Blink/SuperWarpGate default: B
	BlinkShieldRestoreUpgrade/StalkerShakuras default: B
	BroodLord/VoidRift default: B
	BroodLord/VoidRiftUnselectable default: B
	EvolveAberrationArmorAura/EvolutionChamber default: B
	EvolveToBrutalisk/DefilerMP default: B
	EvolveToBrutalisk/Queen default: B
	EvolveToBrutalisk/QueenBurrowed default: B
	EvolveToBrutalisk/RavagerAbathur default: B
	EvolveToBrutalisk/RavagerAbathurBurrowed default: B
	EvolveToBrutalisk/Roach default: B
	EvolveToBrutalisk/RoachBurrowed default: B
	EvolveToBrutalisk/RoachVile default: B
	EvolveToBrutalisk/RoachVileBurrowed default: B
	EvolveToBrutalisk/SwarmHost default: B
	EvolveToBrutalisk/SwarmHostBurrowed default: B
	HybridBlink/Maar default: B
	InfestedAbomination/InfestableBiodome default: B
	InfestedAbomination/InfestableHut default: B
	InfestedAbomination/InfestedArmory default: B
	InfestedAbomination/InfestedBarracks default: B
	InfestedAbomination/InfestedBunker default: B
	InfestedAbomination/InfestedCC default: B
	InfestedAbomination/InfestedEngBay default: B
	InfestedAbomination/InfestedFactory default: B
	InfestedAbomination/InfestedMercHaven default: B
	InfestedAbomination/InfestedMissileTurret default: B
	InfestedAbomination/InfestedRefinery default: B
	InfestedAbomination/InfestedStarport default: B
	InfestedAbomination/InfestedSupply default: B
	OdinBarrage/OdinMKII default: B
	OrbitalCommandCalldownSupplyDepot/OrbitalCommand default: B
	ProtossBuild/VoidRift default: B
	ProtossBuild/VoidRiftUnselectable default: B
	QueenMPSpawnBroodlings/QueenMP default: B
	RepairSupportDroneB/RoguePurifier default: B
	ResearchBattlecruiserEnergyUpgrade/FusionReactor default: B
	SS_FighterBomb/SS_Plane default: B
	SS_LeviathanSpawnBombs/SS_Plane default: B
	SpawnBroodLord/Leviathan default: B
	SpawnBroodLord/SpacePlatformVentsUnit default: B
	StalkerBlinkMultiple/Stalker default: B
	TerranBuild/KelMorianWorker default: B
	TerranBuild/VoidRift default: B
	TerranBuild/VoidRiftUnselectable default: B
	TitanMechBombardment/TitanMechAssault default: B
	WarpInUnits/Epilogue02VoidRift default: B
	YagdraFirebreath/AbathurLavaWorm default: B
	YagdraFirebreath/Yagdra default: B
	ZagaraVoidCoopBanelingSpawner/ZagaraReviveCocoon default: B
	ZagaraVoidCoopBanelingSpawner/ZagaraVoidCoop default: B
	ZagaraVoidCoopBanelingSpawner/ZagaraVoidCoopBurrowed default: B
	ZeratulBlink/SS_Plane default: B
	ZergBuild/VoidRift default: B
	ZergBuild/VoidRiftUnselectable default: B

[INFO]: P: B   T: D   R: 5   Z: G   
	ResearchHellbatHellArmor/FactoryTechLab default: H
	ResearchHellbatHellArmor/FactoryTechReactor default: H

[INFO]: P: B   T: F   R: 2   Z: Q   
	EvolveBileLauncherIncreasedRange/SpawningPool default: B
	ZagaraVoidCoopBanelingSpawner/BanelingNest default: B

[INFO]: P: B   T: F   R: 5   Z: A   
	Banshee/Starport default: E
	BansheeSpeed/StarportTechLab default: B

[INFO]: P: B   T: F   R: 5   Z: S   
	ResearchShockwaveMissileBattery/StarportTechLab default: S
	ResearchShockwaveMissileBattery/StarportTechReactor default: S

[INFO]: P: B   T: J   R: C   Z: A   
	Frostbat/Barracks default:  copyof: Firebat/Barracks default: F
	ResearchFirebat/ScienceFacility default: F copyof: Firebat/Barracks default: F
	ResearchIncineratorNozzles/BarracksTechLab default: R
	ResearchIncineratorNozzles/BarracksTechReactor default: R copyof: ResearchIncineratorNozzles/BarracksTechLab default: R

[INFO]: P: B   T: T   R: C   Z: Y   
	Hive/Lair default: H copyof: Lair/Hatchery default: L
	Lair/Hatchery default: L

[INFO]: P: B   T: Z   R: F   Z: Q   
	ArchonHallucination/Nexus default:  copyof: ArchonHallucination/Sentry default: N
	ArchonHallucination/Voranor default:  copyof: ArchonHallucination/Sentry default: N

[INFO]: P: D,B   T: 4,3   R: S,F   Z: Q,2   
	Feedback/HighArchonTemplar default: F copyof: Feedback/HighTemplar default: F
	Feedback/HighTemplar default: F

[INFO]: P: C   T: C   R: C   Z: C   
	BuildCreepTumor/Hatchery default: C
	BuildCreepTumor/Hive default: C
	BuildCreepTumor/Lair default: C
	BuildCreepTumor/ZaGara default: C
	Carrier/Epilogue02VoidRift default: C
	Carrier/SuperWarpGate default: C
	Carrier/VoidRift default: C
	Carrier/VoidRiftUnselectable default: C
	Carrier/VoidThrasher default: C
	Carrier/VoidThrasherWalker default: C
	CelestialBeam/KerriganEpilogue02 default: C
	ChainLightning/XelNagaWorldshipVault default: C
	Charge/Yeti default: C
	Charge/YetiMomma default: C
	CloakOnFlagship/Flagship default: C
	CloakOnGhost/Ghost default: C
	Colossus/Epilogue02VoidRift default: C
	Colossus/SuperWarpGate default: C
	Colossus/VoidRift default: C
	Colossus/VoidRiftUnselectable default: C
	Colossus/VoidThrasher default: C
	Colossus/VoidThrasherWalker default: C
	ConsumeDNA/Hybrid default: C
	ConsumeDNA/HybridBehemoth default: C
	ConsumeDNA/HybridReaver default: C
	ConsumeDNA/ShadowOfTheVoidHybrid default: C
	DefilerMPConsume/DefilerMP default: C
	DigesterCreepSpray/NydusCanalCreeper default: C
	EnergyChannel/XelNagaObeliskAiur06 default: C
	EvolveCorrosiveBileRadiusIncrease/RoachWarren default: C
	HybridGeneralMindControl/HybridGeneral default: C
	InfestorConsumption/DefilerMP default: C
	JackhammerConcussionGrenade/HammerSecurity default: C copyof: JackhammerConcussionGrenade/Marauder default: C
	LockOnUpgraded/Cyclone default: C
	LocustLaunch/SwarmHost default: C
	PlanetCracker/MothershipAiur06 default: C
	PlanetCracker/Purifier default: C
	PlanetCrackerOff/MothershipAiur06 default: C
	QueenMPInfestCommandCenter/QueenMP default: C
	RavagerAbathurCorrosiveBile/RavagerAbathur default: C
	ReleaseMinion/Spectre default: C
	SS_LeviathanTentacleAttackL1NoDelay/SS_Plane default: C
	SwarmHost/LocustNestBurrowed default: C
	TitanMechGunShotCharge/TitanMechAssault default: C
	UltraliskBurrowCharge/HotSTorrasqueBurrowed default: C
	VoidSentryChronoBeam/SentryCampaignBase default: C
	VoidShieldCapacitor/FenixSOA default: C
	WarpinObservatory/Probe default: 
	WraithCloakOn/MengskWraith default: C
	ZagaraVoidCoopCreepMaster/CreepTumorBurrowed default: C

[INFO]: P: Comma   T: Comma   R: Comma   Z: Comma   
	HireDuskWing/Starport default: I
	HireHammerSecurities/Barracks default: H
	HireSpartanCompany/Factory default: C
	MercHellion/MercCompound default: N
	MicroBot/Factory default: M
	Move default: M
	MoveChampions default:  copyof: Move default: M
	WarHound/Factory default: R

[INFO]: P: D   T: 3   R: 2   Z: 2   
	HireSpartanCompany/MercCompound default: C
	VoidSentryShieldRepairDouble/SentryAiur default: Q

[INFO]: P: D   T: 3   R: A   Z: Y   
	MedicHeal/Medic default: E copyof: Heal/Medivac default: E
	NanoRepair/ScienceVessel default: N copyof: Heal/Medivac default: E

[INFO]: P: D   T: 3   R: S   Z: 2   
	EngineeringBay/SCV default: E
	EvolutionChamber/Drone default: V
	Forge/Harvester default:  copyof: Forge/Probe default: F
	Forge/Probe default: F

[INFO]: P: D   T: 4   R: 2   Z: 2   
	ColossusHallucination/Nexus default:  copyof: ColossusHallucination/Sentry default: C
	ColossusHallucination/Voranor default:  copyof: ColossusHallucination/Sentry default: C

[INFO]: P: D   T: 4   R: F   Z: Q   
	BurrowDown default: R
	BurrowHydraliskImpalerDown default:  copyof: BurrowDown default: R
	BurrowHydraliskLurkerDown default:  copyof: BurrowDown default: R
	BurrowLurkerMP default: R
	CloakOnBanshee default: C
	ImpalerBurrowDown default: R copyof: BurrowDown default: R
	LurkerBurrowDown default:  copyof: BurrowDown default: R
	ResearchBansheeCloak/StarportTechLab default: C
	ResearchBansheeCloak/StarportTechReactor default: C copyof: ResearchBansheeCloak/StarportTechLab default: C
	ResearchHallucination/CyberneticsCore default: H
	ResearchPersonalCloaking/GhostAcademy default: C
	RogueGhostCloak/Spectre default:  copyof: CloakOnBanshee default: C
	SetRallyPointSwarmHost/SwarmHostBurrowedMP default: Y
	SpineCrawlerRoot/SpineCrawlerUprooted default: R
	SporeCrawlerRoot/SporeCrawlerUprooted default: R
	SwarmHostBurrowDown default: R
	SwarmHostRoot default: R copyof: SwarmHostBurrowDown default: R
	SwarmHostRoot/SwarmHost default:  copyof: SwarmHostBurrowDown default: R
	SwarmHostRoot/SwarmHostSplitA default:  copyof: SwarmHostBurrowDown default: R
	SwarmHostRoot/SwarmHostSplitB default:  copyof: SwarmHostBurrowDown default: R
	VoidSentryPhasingMode/SentryPurifier default: E
	WraithCloakOn/Wraith default: C copyof: CloakOnBanshee default: C

[INFO]: P: D   T: 4   R: S   Z: 2   
	ReaperSpeed/BarracksTechLab default: N
	ReaperSpeed/BarracksTechReactor default: N copyof: ReaperSpeed/BarracksTechLab default: N
	ResearchG4Charge/BarracksTechLab default: G copyof: ReaperSpeed/BarracksTechLab default: N
	ResearchG4Charge/BarracksTechReactor default: G copyof: ReaperSpeed/BarracksTechLab default: N

[INFO]: P: D   T: 4   R: S   Z: Q   
	FenixWhirlwind/FenixChampion default: E copyof: VoidZealotWhirlwind/ZealotAiur default: E
	FenixWhirlwind/FenixSOA default: E copyof: VoidZealotWhirlwind/ZealotAiur default: E
	MohandarOmnislash/VorazunChampion default: E
	PhaseCannon/KaraxChampion default: E
	PrologueVoidArmor/ZeratulVoidAiur01 default: V
	TimeWarp/Nexus default: C
	VoidHighTemplarMindBlast/HighTemplarTaldarim default: F

[INFO]: P: D   T: 4   R: S   Z: S   
	EvolveScourgeSplashDamage/ScourgeNest default: D
	ResearchSOAOrbitalStrikeUpgrade/SolarForge default: B

[INFO]: P: D   T: 6   R: A   Z: Y   
	BonesHeal/Stetmann default: E copyof: Heal/Medivac default: E
	Heal/Medivac2 default:  copyof: Heal/Medivac default: E
	MercMedicHeal/MercMedic default: E copyof: Heal/Medivac default: E

[INFO]: P: D   T: D   R: D   Z: D   
	AbathurDeepTunnel/ImpalerAbathur default: D
	AbathurDeepTunnel/ImpalerAbathurBurrowed default: D
	AbathurDeepTunnel/SwarmHost default: D
	AbathurDeepTunnel/SwarmHostBurrowed default: D
	AmonCrystalDematerialize/AmonCrystalEpilogue03 default: D
	BrutaliskDeepTunnel/Brutalisk default: D
	BuildDrakkenLaserDrill/KelMorianWorker default: D
	CorrosiveAcidDevourer/Devourer default: D
	DeepTunnel/BroodMother default: D
	DeepTunnel/KerriganChar default: D
	DeepTunnel/KerriganCharBurrowed default: D
	DeepTunnel/ZaGara default: D
	DefensiveMatrix/MengskBC default: D
	DefilerMPDarkSwarm/DefilerMP default: D
	Designate/TestShop default: D
	EvolveDevourerAoEDamage/GreaterSpire default: D
	EvolveDevourerAoEDamage/Spire default: D
	HerculesUnloadAll/HerculesCrashing default: D
	HerculesUnloadAll/NovaShip default: D
	HerculesUnloadAll/ResearchVessel default: D
	HerculesUnloadAll/ResearchVesselLanded default: D
	HoverUnsiege default: D
	K5Leviathan/K5KerriganPsiStrike default: D
	KerriganVoidCoopCrushingGripWave/K5KerriganPsiStrike default: D
	KerriganVoidCoopCrushingGripWave/KerriganReviveCocoon default: D
	MassRoachDrop/ZagaraReviveCocoon default: D
	Medivac/VoidRift default: D
	Medivac/VoidRiftUnselectable default: D
	MorphToHoverHellbat/HoverHellion default: D
	PitAlarakTerrazineTeleport/PitAlarak default: D
	SS_LeviathanTentacleAttackL1/SS_Plane default: D
	SwarmHostDeepBurrow/InfestationPit default: D
	SwarmQueenHydraliskImpaler/SwarmQueenEgg default: D
	SwarmQueenHydraliskLurker/SwarmQueenEgg default: D
	UmbraSpireSpawnShadowOfTheVoid/VoidChasm default: D
	VoidTendrilDeathGrip/VoidShard default: D
	WarpInDarkTemplarChampion/SuperWarpGate default: D
	WarpInDarkTemplarChampion/TwilightCouncil default: D

[INFO]: P: D   T: D   R: F   Z: 2   
	BuildTechLabFactory/FactoryFlying default: X copyof: TechLabBarracks/Barracks default: X
	BuildTechLabStarport/StarportFlying default: X copyof: TechLabBarracks/Barracks default: X
	MorphtoOverlordTransport/Overlord default: T
	MothershipCoreWeapon/MothershipCore default: F
	ResearchTechReactor/ScienceFacility default: E copyof: TechLabBarracks/Barracks default: X
	ResearchVehicleWeaponRange/Armory default: R
	TechLabBarracks/Barracks default: X
	TechLabBarracks/BarracksFlying default: X copyof: TechLabBarracks/Barracks default: X
	TechLabFactory/Factory default: X copyof: TechLabBarracks/Barracks default: X
	TechLabStarport/Starport default: X copyof: TechLabBarracks/Barracks default: X
	TechReactor/Barracks default:  copyof: TechLabBarracks/Barracks default: X
	TechReactor/BarracksFlying default: Z copyof: TechLabBarracks/Barracks default: X
	TechReactor/Factory default:  copyof: TechLabBarracks/Barracks default: X
	TechReactor/FactoryFlying default: Z copyof: TechLabBarracks/Barracks default: X
	TechReactor/Starport default:  copyof: TechLabBarracks/Barracks default: X
	TechReactor/StarportFlying default: Z copyof: TechLabBarracks/Barracks default: X
	TheMorosDevice/Raynor default: R
	VoidSentryBlackHole/SOAMothershipv4 default: E

[INFO]: P: D   T: D   R: F   Z: S   
	ResearchHiSecAutoTracking/EngineeringBay default: H
	VespeneDrone/CommandCenter default: R
	VespeneDrone/PlanetaryFortress default: R

[INFO]: P: D   T: D   R: Q   Z: S   
	Scan/CommandCenter default: C
	Scan/OrbitalCommand default: C

[INFO]: P: D   T: D   R: S   Z: Q   
	Hydralisk/Larva default: H
	MorphToHydraliskImpaler/Larva default: H copyof: Hydralisk/Larva default: H
	MorphToHydraliskLurker/Larva default: H copyof: Hydralisk/Larva default: H

[INFO]: P: D   T: D   R: S   Z: S   
	ResearchShadowFury/DarkShrine default: S
	ThorDefensiveMatrix/Thor default: D
	ThorDefensiveMatrix/ThorWreckageSwann default: D
	VoidDarkTemplarShadowFury/DarkTemplarShakuras default: Q, E
	VoidShadowGuardShadowFury/VorazunShadowGuard default: E

[INFO]: P: D   T: F   R: Q   Z: W   
	GhostAcademy/SCV default: G
	InfestationPit/Drone default: I
	TemplarArchive/Harvester default:  copyof: TemplarArchive/Probe default: T
	TemplarArchive/Probe default: T

[INFO]: P: D   T: F   R: R   Z: V   
	TerranVehiclePlatingLevel1/Armory default: V
	TerranVehiclePlatingVanadiumPlatingLevel1/Armory default: V copyof: TerranVehiclePlatingLevel1/Armory default: V
	TerranVehiclePlatingVanadiumPlatingLevel2/Armory default: V copyof: TerranVehiclePlatingLevel1/Armory default: V
	TerranVehiclePlatingVanadiumPlatingLevel3/Armory default: V copyof: TerranVehiclePlatingLevel1/Armory default: V

[INFO]: P: D   T: P   R: P   Z: P   
	KerriganVoidCoopCrushingGripWave/K5KerriganBurrowed default: D
	MassRoachDrop/ZagaraVoidCoopBurrowed default: D

[INFO]: P: D   T: R   R: F   Z: Q   
	ArmorpiercingMode default: E
	AssaultMode default: D
	Lower/SupplyDepot default: R
	MorphToHellionTank/Hellion default: D
	OracleWeaponOn default: C
	OracleWeaponOn/Oracle default: C copyof: OracleWeaponOn default: C
	SiegeMode default: E

[INFO]: P: D   T: R   R: F   Z: S   
	MorphtoObserverSiege/Observer default: E
	PhasingMode/WarpPrism default: E

[INFO]: P: D   T: T   R: 2   Z: Q   
	ResearchLockOnRangeUpgrade/FactoryTechLab default: R
	ResearchLockOnRangeUpgrade/FactoryTechReactor default: R

[INFO]: P: D   T: Z   R: 2   Z: Q   
	DefensiveMatrix/Battlecruiser default: D
	DefensiveMatrix/DukesRevenge default: D copyof: DefensiveMatrix/Battlecruiser default: D

[INFO]: P: D   T: Z   R: F,A   Z: Q,B   
	Hallucination/Sentry2 default:  copyof: Hallucination/Sentry default: C
	Hallucination2/Voranor default:  copyof: Hallucination/Sentry default: C

[INFO]: P: D,V   T: 4,3   R: S,F   Z: Q,2   
	Feedback/AnAleemController default:  copyof: Feedback/HighTemplar default: F
	Feedback/Khiradun default:  copyof: Feedback/HighTemplar default: F
	PsionicBolt/Telios default:  copyof: Feedback/HighTemplar default: F

[INFO]: P: E   T: R,3   R: R,2   Z: G,2   
	Drag/Dehaka default: Q
	Drag/DehakaMirrorImage default: Q copyof: Drag/Dehaka default: Q

[INFO]: P: E   T: 3,R   R: R   Z: N,G   
	Charge/Khraxus default:  copyof: Charge/Zealot default: C
	Charge/Orthos default:  copyof: Charge/Zealot default: C
	Charge/Voranor default:  copyof: Charge/Zealot default: C
	Charge/ZealotDark default:  copyof: Charge/Zealot default: C
	Interceptor/Selendis default: I copyof: Interceptor/Carrier default: I

[INFO]: P: E   T: 4   R: R   Z: Q   
	BunkerUnloadAll default: D
	HerculesUnloadAll/Hercules default: D copyof: BunkerUnloadAll default: D

[INFO]: P: E   T: 4   R: S   Z: G   
	Domination/Nova default: D
	SpiderMineReplenish/Vulture default: R, T

[INFO]: P: E   T: D   R: 2   Z: 2   
	ResearchReaverIncreasedScarabSplashRadius/RoboticsBay default: A
	SwarmHostDeepBurrow/SwarmHostSplitB default: D
	SwarmHostDeepBurrow/SwarmHostSplitBBurrowed default: D copyof: SwarmHostDeepBurrow/SwarmHostSplitB default: D
	SwarmHostDeepBurrow/SwarmHostSplitBRooted default: D copyof: SwarmHostDeepBurrow/SwarmHostSplitB default: D

[INFO]: P: E   T: D   R: 2   Z: W   
	MissileTurret/SCV default: T
	PhotonCannon/Harvester default:  copyof: PhotonCannon/Probe default: C
	PhotonCannon/Probe default: C
	SporeCrawler/Drone default: A

[INFO]: P: E   T: D   R: F   Z: 2   
	EvolveBanelingHeal/BanelingNest default: E
	Vortex/Artanis default: V copyof: TemporalField/MothershipCore default: T, C
	Vortex/Mothership default: V copyof: TemporalField/MothershipCore default: T, C

[INFO]: P: E   T: D   R: R   Z: S   
	OracleRevelation/Oracle default: R
	ResearchJackhammerConcussionGrenade/BarracksTechLab default: C copyof: ResearchPunisherGrenades/BarracksTechLab default: G
	ResearchJackhammerConcussionGrenade/BarracksTechReactor default: C copyof: ResearchPunisherGrenades/BarracksTechLab default: G
	ResearchPunisherGrenades/BarracksTechLab default: G
	ResearchPunisherGrenades/BarracksTechReactor default: G copyof: ResearchPunisherGrenades/BarracksTechLab default: G

[INFO]: P: E   T: E   R: E   Z: E   
	AlarakPsiOrb/PitAlarak default: E
	Banshee/Epilogue02VoidRift default: E
	Banshee/VoidRift default: E
	Banshee/VoidRiftUnselectable default: E
	Banshee/VoidThrasher default: E
	Banshee/VoidThrasherWalker default: E
	CrateSwannSpecialDeliveryOpenCrate/CrateSwannSpecialDelivery default: E
	DeactivateShieldGenerator/ShadowShieldGenerator default: E
	DeactivateShieldGenerator/ShadowShieldGeneratorSmall default: E
	DrakkenLaserDrillNuke/DrakkenLaserDrillCoop default: E
	EMP/GhostVulture default: E
	EMPNova/ShadowScrambler default: E
	EvolveCorrosiveBileDamageIncrease/RoachWarren default: E
	EvolveGuardianAttackRangeIncrease/GreaterSpire default: E
	EvolveGuardianAttackRangeIncrease/Spire default: E
	HoverSiegeMode default: E
	KarassPlasmaSurge/Karass default: E
	KerriganVoidCoopEconDrop/K5KerriganPsiStrike default: E
	KerriganVoidCoopEconDrop/KerriganReviveCocoon default: E
	MedicHeal/InfestedMedic default: E
	MercMedicHeal/MengskMedic default: E
	MissilePods/Loki default: E
	MissilePods/MengskBC default: E
	MissilePods/SkyTank default: E
	MorphToHoverHellion/HoverHellion default: E
	MorphtoOverseerSiege/Overseer default: E
	MutatorWorkerSleep/Drone default: E
	MutatorWorkerSleep/Probe default: E
	MutatorWorkerSleep/SCV default: E
	NarudEpilogueSummonShadeofNarud/NarudEpilogue default: E
	Oracle/SuperWarpGate default: E
	Oracle/VoidRift default: E
	Oracle/VoidRiftUnselectable default: E
	PhasingMode/WarpPrismGiant default: E
	PitMalashUppercut/PitMalash default: E
	Probe/SuperWarpGate default: E
	QueenMPEnsnare/QueenMP default: E
	RepairDrones/Carrier default: E
	RepairDrones/CarrierAiur default: E
	ReplicantReplicate/Replicant default: E
	ResearchAbathurNetworkedCarapace/EvolutionPit default: E
	ResearchExtendedThermalLance/Colossus default: E
	ResearchExtendedThermalLance/ColossusPurifier default: E
	ResearchKaraxTurretAttackSpeed/KhaydarinMonolith default: E
	ResearchKaraxTurretAttackSpeed/PhotonCannon default: E
	ResearchSeismicSpinesAbathur/ImpalerDen default: E
	ResearchSolarEfficiencyLevel2/SolarForge default: E
	ResearchSolarEfficiencyLevel3/SolarForge default: E
	ShadowBlade/PrologueZeratul default: E
	SlaynElementalGrabAOE/SlaynElemental default: E
	SpiderMine/Bunker default: E
	SpiderMine/MercVulture default: E
	SpiderMine/Reaper default: E
	SunkenColony/CreepColony default: E
	SwarmQueenCorpser/SwarmQueenEgg default: E
	SymbioteCarapace/Brutalisk default: E
	SymbioteCarapace/HotSLeviathan default: E
	TerranInfantryWeaponsLevel2/EngineeringBay default: E
	TerranInfantryWeaponsLevel3/EngineeringBay default: E
	TerranVehicleWeaponsLevel2/Armory default: E
	TerranVehicleWeaponsLevel3/Armory default: E
	Viper/VoidRift default: E
	Viper/VoidRiftUnselectable default: E
	VoidSentryPhasingMode/SentryCampaignBase default: E
	WarpInReplicant/Gateway default: E
	WarpInReplicant/WarpGate default: E
	WildMutation/K5KerriganPsiStrike default: E
	XelNagaShadowStep/XelNagaConstruct default: E
	ZagaraVoidCoopMassFrenzy/ZagaraReviveCocoon default: E

[INFO]: P: E   T: E   R: R   Z: G   
	ResearchHighCapacityFuelTanks/StarportTechLab default: R
	ResearchRipwaveMissiles/StarportTechLab default: R
	ResearchRipwaveMissiles/StarportTechReactor default: R
	hydraliskspeed/HydraliskDen default: G
	hydraliskspeed/LurkerDenMP default: G

[INFO]: P: E   T: E   R: W   Z: G   
	ResearchHighTemplarEnergyUpgrade/TemplarArchive default: K
	ShieldBatteryStructureBarrier/ShieldBattery default: B

[INFO]: P: E   T: E   R: W   Z: W   
	BrokenSolarForge/SolarForge default: R
	ResearchSolarEfficiencyLevel1/SolarForge default: E

[INFO]: P: E   T: F   R: 2   Z: Q   
	ResearchLurkerRange/HydraliskDen default: E
	ResearchLurkerRange/LurkerDen default: E

[INFO]: P: E   T: O   R: O   Z: O   
	KerriganVoidCoopEconDrop/K5KerriganBurrowed default: E
	ZagaraVoidCoopMassFrenzy/ZagaraVoidCoopBurrowed default: E

[INFO]: P: E   T: R   R: F   Z: 1   
	ResearchAresClassTargetingSystem/FactoryTechLab default: E
	ResearchAresClassTargetingSystem/FactoryTechReactor default: E

[INFO]: P: E   T: R   R: F   Z: G   
	TerranShipPlatingLevel1/Armory default: P
	TerranShipPlatingVanadiumPlatingLevel1/Armory default: P copyof: TerranShipPlatingLevel1/Armory default: P
	TerranShipPlatingVanadiumPlatingLevel2/Armory default: P copyof: TerranShipPlatingLevel1/Armory default: P
	TerranShipPlatingVanadiumPlatingLevel3/Armory default: P copyof: TerranShipPlatingLevel1/Armory default: P

[INFO]: P: E   T: R   R: R   Z: 2   
	HydraliskFrenzy/Hydralisk default: T copyof: Blink/Stalker default: B
	LurkerCancelHoldFire/LurkerBurrowed default: G copyof: LurkerCancelHoldFire/LurkerMPBurrowed default: G
	LurkerCancelHoldFire/LurkerMPBurrowed default: G
	ZagaraVoidCoopMassFrenzy/ZagaraVoidCoop default: E

[INFO]: P: E   T: R   R: R   Z: G   
	250mmStrikeCannons/Thor default: C
	250mmStrikeCannons/ThorWreckageSwann default: C
	330mmBarrageCannons/Thor default: C copyof: 250mmStrikeCannons/Thor default: C
	AdeptPhaseShift/Adept default: F
	ArbiterMPStasisField/ArbiterMP default: F
	ArtanisLightningDash/ArtanisVoid default: Q
	Blink/ShadowOfTheVoidStalker default: B copyof: Blink/Stalker default: B
	Blink/Stalker default: B
	BurrowChargeCampaign/HotSTorrasque default: C copyof: Blink/Stalker default: B
	BurrowChargeCampaign/Ultralisk default: C copyof: Blink/Stalker default: B
	BurrowChargeCampaignNoxious/HotSNoxious default: C copyof: Blink/Stalker default: B
	BurrowChargeMP/Ultralisk default:  copyof: Blink/Stalker default: B
	Charge/Zealot default: C
	Charge/ZealotAiur default: C copyof: Charge/Zealot default: C
	Charge/ZealotPurifier default: C copyof: Charge/Zealot default: C
	CorsairMPDisruptionWeb/CorsairMP default: D
	D8Charge/MercReaper default: G copyof: D8Charge/Reaper default: G
	D8Charge/Reaper default: G
	DarkArchonConfusion/DarkArchon default: F
	DarkTemplarShadowDash/DarkTemplarShakuras default: B copyof: Blink/Stalker default: B
	Drone/Larva default: D
	EMP/Ghost default: E
	EvolveChitinousPlating/UltraliskCavern default: C
	EvolveTunnelingClaws/RoachWarren default: T
	FenixSOACharge/FenixChampion default: Q copyof: Charge/Zealot default: C
	FenixSOACharge/FenixSOA default: Q copyof: Charge/Zealot default: C
	ForceField/Sentry default: F
	ForceField2/Sentry2 default:  copyof: ForceField/Sentry default: F
	HighArchonPsiStorm/HighArchonTemplar default: T copyof: PsiStorm/HighTemplar default: T
	HireHammerSecurities/MercCompound default: H
	ImmortalBarrierBase/Immortal default: B copyof: ImmortalOverload/Immortal default: B
	ImmortalOverload/Immortal default: B
	ImmortalOverload/ImmortalAiur default: B
	Irradiate/ScienceVessel default: R
	KhalaShockwave/Immortal default:  copyof: PsiStorm/HighTemplar default: T
	LightningBomb/TempestPurifier default: D
	LocustMPFlyingSwoop/LocustMPFlying default: Z
	Marauder/Barracks default: D
	Medivac/Starport default: D
	MeliakBlinkBTN/Meliak default:  copyof: Blink/Stalker default: B
	MindBlast/Tosh default: B
	OdinBarrage/Odin default: B copyof: 250mmStrikeCannons/Thor default: C
	Probe/Nexus default: E
	ProtossAirArmorLevel1/CyberneticsCore default: A
	ProtossGroundArmorLevel1/Forge default: A
	PsiStorm/AnAleemController default:  copyof: PsiStorm/HighTemplar default: T
	PsiStorm/Archon default: T
	PsiStorm/HighTemplar default: T
	PsiStorm/Khiradun default:  copyof: PsiStorm/HighTemplar default: T
	PsiStorm/Telios default:  copyof: PsiStorm/HighTemplar default: T
	PurificationNovaTargeted/Disruptor default: V
	RaynorSnipe/RaynorCommando default: T
	ReaverScarabs/Reaver default: C copyof: Interceptor/Carrier default: I
	ResearchCerberusMines/FactoryTechLab default: C
	ResearchCerberusMines/FactoryTechReactor default: C copyof: ResearchCerberusMines/FactoryTechLab default: C
	ResearchDrakkenLaserDrillBFG/DrakkenLaserDrillCoop default: D
	ResearchDrillClaws/FactoryTechLab default: C
	ResearchLocustLifetimeIncrease/InfestationPit default: L
	ResearchShadowDash/DarkShrine default: D
	ResearchStalkerTeleport/TwilightCouncil default: B
	SCV default: S
	SOAMothershipBlink/SOAMothershipv4 default: B copyof: Blink/Stalker default: B
	Sentry default: E
	ShadowGuardBlink/VorazunShadowGuard default: B copyof: Blink/Stalker default: B
	StalkerBlinkShieldRestoreBase/StalkerShakuras default: B copyof: Blink/Stalker default: B
	Stargate/Harvester default:  copyof: Stargate/Probe default: S
	Stargate/Probe default: S
	Starport/SCV default: S
	SwarmQueenRaptor/HugeSwarmQueen default: W copyof: SwarmQueenZergling/SwarmQueen default: W, T
	SwarmQueenRaptor/LargeSwarmQueen default: W copyof: SwarmQueenZergling/SwarmQueen default: W, T
	SwarmQueenRaptor/SwarmQueen default: W copyof: SwarmQueenZergling/SwarmQueen default: W, T
	SwarmQueenSwarmling/HugeSwarmQueen default: W copyof: SwarmQueenZergling/SwarmQueen default: W, T
	SwarmQueenSwarmling/LargeSwarmQueen default: W copyof: SwarmQueenZergling/SwarmQueen default: W, T
	SwarmQueenSwarmling/SwarmQueen default: W copyof: SwarmQueenZergling/SwarmQueen default: W, T
	SwarmQueenZergling/HugeSwarmQueen default: W, T copyof: SwarmQueenZergling/SwarmQueen default: W, T
	SwarmQueenZergling/LargeSwarmQueen default: W, T copyof: SwarmQueenZergling/SwarmQueen default: W, T
	SwarmQueenZergling/SwarmQueen default: W, T
	SwarmQueenZergling/SwarmQueenEgg default: W, T copyof: SwarmQueenZergling/SwarmQueen default: W, T
	TemporalField/Mothership default: T, C copyof: TemporalField/MothershipCore default: T, C
	TemporalField/MothershipCore default: T, C
	TerranInfantryArmorLevel1/EngineeringBay default: A
	TerranInfantryArmorVanadiumPlatingLevel1/EngineeringBay default: A copyof: TerranInfantryArmorLevel1/EngineeringBay default: A
	TerranInfantryArmorVanadiumPlatingLevel2/EngineeringBay default: A copyof: TerranInfantryArmorLevel1/EngineeringBay default: A
	TerranInfantryArmorVanadiumPlatingLevel3/EngineeringBay default: A copyof: TerranInfantryArmorLevel1/EngineeringBay default: A
	TerranVehicleAndShipPlatingLevel1/Armory default: V
	TornadoMissile/WarHound default: E
	TossGrenade/Raynor default: T
	TossGrenadeTychus/TychusCommando default: T
	UltrasonicPulse/Spectre default: U copyof: EMP/Ghost default: E
	VoidHighTemplarPsiOrb/HighTemplarTaldarim default: T
	VoidRaySwarmDamageBoost/VoidRay default: E
	VoidSentryChronoBeam/SentryPurifier default: C
	VoidZealotShadowCharge/ZealotShakuras default: C copyof: Charge/Zealot default: C
	VorazunBlink/VorazunChampion default: Q copyof: Blink/Stalker default: B
	ZeratulBlink/PrologueZeratul default: B copyof: Blink/Stalker default: B
	ZeratulBlink/Zeratul default: B copyof: Blink/Stalker default: B
	ZeratulBlink/ZeratulVoid default: B copyof: Blink/Stalker default: B
	ZeratulBlink/ZeratulVoidAiur01 default: B copyof: Blink/Stalker default: B
	zergflyerarmor1 default: C
	zerggroundarmor1/EvolutionChamber default: C

[INFO]: P: E   T: R   R: R   Z: S   
	Explode/Baneling default: X
	Explode/BanelingBurrowed default: X
	Explode/HotSHunter default: X copyof: Explode/Baneling default: X
	Explode/HotSHunterBurrowed default: X copyof: Explode/BanelingBurrowed default: X
	Explode/HotSSplitterlingBig default: X copyof: Explode/Baneling default: X
	Explode/HotSSplitterlingBigBurrowed default: X copyof: Explode/BanelingBurrowed default: X
	Explode/baneling default:  copyof: Explode/Baneling default: X
	Explode/baneling2 default:  copyof: Explode/Baneling default: X
	MindBlast/Spectre default: B
	ResearchMedivacEnergyUpgrade/StarportTechLab default: A
	ResearchMedivacEnergyUpgrade/StarportTechReactor default: A copyof: ResearchMedivacEnergyUpgrade/StarportTechLab default: A
	SwarmHost/SwarmHostBurrowedMP default: C
	SwarmHost/SwarmHostMP default: C
	VoidSwarmHostSpawnLocust/SwarmHostBurrowedMP default: C

[INFO]: P: E   T: R   R: R   Z: W   
	Oracle/Stargate default: E
	Oracle/StargateWarp default: E
	OracleHallucination/Sentry default: L
	zerglingattackspeed/SpawningPool default: A

[INFO]: P: E   T: R   R: S   Z: G   
	AlarakKnockback/AlarakChampion default: Q
	MindBolt/K5Kerrigan default: Q
	MindBolt/KerriganGhostLab default: Q copyof: MindBolt/K5Kerrigan default: Q
	MindBolt/KerriganVoid default: Q copyof: MindBolt/K5Kerrigan default: Q
	PrimalSlash/K5Kerrigan default:  copyof: MindBolt/K5Kerrigan default: Q
	ReleaseInterceptors/Carrier default: R
	ResearchBattlecruiserSpecializations/FusionCore default: R
	ResearchShapedBlast/FactoryTechReactor default: B copyof: ResearchSiegeTech/FactoryTechLab default: S
	ResearchSiegeTech/FactoryTechLab default: S
	ResearchSiegeTech/FactoryTechReactor default: S copyof: ResearchSiegeTech/FactoryTechLab default: S
	SpawnChangeling/Overseer default: C
	Spire/Drone default: S

[INFO]: P: E   T: R   R: W   Z: W   
	ResearchGraviticDrive/RoboticsBay default: G
	WarpInShuttle/RoboticsFacility default:  copyof: WarpPrism/RoboticsFacility default: A
	WarpPrism/RoboticsFacility default: A

[INFO]: P: E,N   T: R,6   R: R,2   Z: 2   
	MorphMorphalisk/BroodMother default:  copyof: MorphMorphalisk/Queen default: V
	MorphMorphalisk/Queen2 default:  copyof: MorphMorphalisk/Queen default: V

[INFO]: P: E,V   T: R,D   R: R,S   Z: S   
	ProtossBuild/Probe default: B
	TerranBuild/SCV default: B
	ZergBuild/Drone default: B

[INFO]: P: F   T: F   R: F   Z: F   
	Aggressive/LurkerMPBurrowed default: 
	ArchAngelCoopMissileShot/ArchAngelCoopAssault default: F
	Defiler/Larva default: F
	Feedback/HighTemplarShakuras default: F
	Feedback/Tassadar default: F
	GhostHoldFire/GhostVulture default: F
	GhostHoldFire/NovaHero default: F
	GravitonBeamUrun/Urun default: F
	IgniteAfterburner/Medivac default: 
	PrimalFlyer/PrimalTownHall default: F
	PrimalFlyer/PrimalTownHallUprooted default: F
	Recall/Arbiter default: 
	ResearchPiercingRockets/StarportTechLab default: 
	ResearchRecall/ArbiterTribunal default: 
	ResearchSingularityCharge2/CyberneticsCore default: 
	Rift/KhaydarinNexus default: 
	Rift/Nexus default: 
	SS_LeviathanTentacleAttackL2/SS_Plane default: F
	TimeWarpSentinel/Oracle default: 
	TitanMechMissileShot/TitanMechAssault default: F
	UpgradeLIDARTransmitter/EngineeringBay default: 
	VoidThrasherLightningAoEExtra/VoidThrasher default: F
	VoidThrasherLightningAoEExtra/VoidThrasherWalker default: F
	WarpInFenixChampion/SuperWarpGate default: F
	YagdraFireball/AbathurLavaWorm default: F
	YagdraFireball/Yagdra default: F

[INFO]: P: G   T: C   R: W   Z: W   
	ResearchRavenEnergyUpgrade/StarportTechLab default: T
	ResearchRavenEnergyUpgrade/StarportTechReactor default: T copyof: ResearchRavenEnergyUpgrade/StarportTechLab default: T

[INFO]: P: G   T: E   R: R   Z: G   
	Observer/RoboticsFacility default: B
	Observer/RoboticsFacilityWarp default: B copyof: Observer/RoboticsFacility default: B
	ResearchGraviticBooster/RoboticsBay default: B

[INFO]: P: G   T: E   R: S   Z: W   
	MindControl/HiveMindEmulator default: C
	TerranShipWeaponsUltraCapacitorsLevel1/Armory default: S copyof: TerranShipWeaponsLevel1/Armory default: S
	TerranShipWeaponsUltraCapacitorsLevel2/Armory default: S copyof: TerranShipWeaponsLevel1/Armory default: S
	TerranShipWeaponsUltraCapacitorsLevel3/Armory default: S copyof: TerranShipWeaponsLevel1/Armory default: S

[INFO]: P: G   T: E   R: W   Z: G   
	AnionPulseCrystals/FleetBeacon default: R
	EvolveCentrificalHooks/BanelingNest default: C
	EvolveMuscularAugments/HydraliskDen default: A
	EvolveMuscularAugments/LurkerDen default: A
	Phoenix/Stargate default: X
	Phoenix/StargateWarp default: X copyof: Phoenix/Stargate default: X
	PhoenixHallucination/Nexus default:  copyof: PhoenixHallucination/Sentry default: X
	PhoenixHallucination/Sentry default: X
	Summon2ScoutHallucinations/Sentry default:  copyof: PhoenixHallucination/Sentry default: X
	Summon2ScoutHallucinations/Voranor default:  copyof: PhoenixHallucination/Sentry default: X
	zerglingmovementspeed/SpawningPool default: M

[INFO]: P: G   T: E   R: W   Z: H   
	Factory/SCV default: F
	RoboticsFacility/Harvester default:  copyof: RoboticsFacility/Probe default: R
	RoboticsFacility/Probe default: R

[INFO]: P: G   T: E   R: W   Z: V   
	Pylon/Harvester default:  copyof: Pylon/Probe default: E
	Pylon/Probe default: E
	SpawningPool/Drone default: S
	SupplyDepot/SCV default: S
	SupplyDepotDrop/SCV default:  copyof: SupplyDepot/SCV default: S

[INFO]: P: G   T: E   R: W   Z: W   
	Attack default: A
	AttackAllowsInvulnerable/DrakkenLaserDrill default: A copyof: Attack default: A
	AttackChampions default:  copyof: Attack default: A
	CalldownMULE/CommandCenter default: E copyof: CalldownMULE/OrbitalCommand default: E
	CalldownMULE/OrbitalCommand default: E
	EvolveGlialRegeneration/RoachWarren default: G
	EvolveInfestorEnergyUpgrade/InfestationPit default: G
	Hellion/Factory default: E, R
	HireKelmorianMiners/MercCompound default: P
	Marine/Barracks default: A
	MorphToRaptor/Larva default: Z copyof: Zergling/Larva default: Z
	MorphToSwarmling/Larva default: Z copyof: Zergling/Larva default: Z
	OracleAttack default: A copyof: Attack default: A
	OrbitalCommand/CommandCenter default: B
	ProtossAirWeaponsLevel1/CyberneticsCore default: E
	ProtossGroundWeaponsLevel1/Forge default: G
	ResearchBattlecruiserEnergyUpgrade/FusionCore default: B
	ResearchCharge/TwilightCouncil default: C
	ResearchDarkArchonFullStartingEnergy/DarkShrine default: E
	ResearchGhostEnergyUpgrade/GhostAcademy default: M
	ResearchHellion/ScienceFacility default: H copyof: Hellion/Factory default: E, R
	ResearchHighCapacityBarrels/FactoryTechLab default: I
	ResearchHighCapacityBarrels/FactoryTechReactor default: I copyof: ResearchHighCapacityBarrels/FactoryTechLab default: I
	ResearchShieldWall/BarracksTechLab default: C
	ResearchShieldWall/BarracksTechReactor default: C copyof: ResearchShieldWall/BarracksTechLab default: C
	SummonNydusWorm/NydusNetwork default: N
	TerranInfantryWeaponsLevel1/EngineeringBay default: E
	TerranInfantryWeaponsUltraCapacitorsLevel1/EngineeringBay default: E copyof: TerranInfantryWeaponsLevel1/EngineeringBay default: E
	TerranInfantryWeaponsUltraCapacitorsLevel2/EngineeringBay default: E copyof: TerranInfantryWeaponsLevel1/EngineeringBay default: E
	TerranInfantryWeaponsUltraCapacitorsLevel3/EngineeringBay default: E copyof: TerranInfantryWeaponsLevel1/EngineeringBay default: E
	TerranVehicleAndShipWeaponsLevel1/Armory default: E
	TerranVehicleWeaponsLevel1/Armory default: E
	VikingFighter/Starport default: V
	Zealot default: Z
	Zergling/Larva default: Z
	zergflyerattack1 default: A
	zergmissileweapons1/EvolutionChamber default: A

[INFO]: P: G   T: G   R: G   Z: G   
	BuildKelMorianRocketTurret/KelMorianWorker default: G
	D8Charge/MengskReaper default: G
	DefilerMPPlague/DefilerMP default: G
	DisableBuildingAttackScourge/Scourge default: G copyof: DisableBuildingAttack/Baneling default: G
	Ghost/Epilogue02VoidRift default: G
	Ghost/VoidRift default: G
	Ghost/VoidRiftUnselectable default: G
	Ghost/VoidThrasher default: G
	Ghost/VoidThrasherWalker default: G
	GravitonBeamVoidCampaign/Phoenix default: G
	GravitonCatapult/Carrier default: G
	GravitonPrison/HybridDestroyer default: G
	GravitonPrison/HybridDominator default: G
	GravitonPrison/HybridDominatorVoid default: G
	GravitonPrison/Maar default: G
	GravitonPrison/ShadowOfTheVoidHybridDominator default: G
	GreaterSpireViper/Spire default: G
	GroundMissileVolley/NydusBeast default: G
	GuardianShield/SentryCampaignBase default: G
	HellfireThrusters/StarportTechLab default: 
	PhoenixAiurGravitonBeam/Phoenix default: G
	ResearchAbathurLocustAirAttack/EvolutionPit default: G
	ResearchBarrelStabilizers/BarracksTechLab default: 
	ResearchEvadeObserver/Observatory default: 
	ResearchIonThrusters/FactoryTechLab default: 
	ResearchKhaydarinCore/ArbiterTribunal default: 
	ResearchKhaydarinGenerator/FleetBeacon default: 
	TitanMechGunShot/TitanMechAssault default: G
	UpgradewithKhaydarinCore/Nexus default: 
	VoidTendrilDeathGripAutoCast/VoidTendrilDeathGripCrystal default: G
	WarpInCorsair/Stargate default: 
	WeaponsFree/GhostVulture default: G
	WeaponsFree/NovaHero default: G

[INFO]: P: G   T: R   R: W   Z: W   
	MuscularAugments/HydraliskDen default: A
	ResearchPhobosClassWeaponsSystem/StarportTechLab default: B
	ResearchPhobosClassWeaponsSystem/StarportTechReactor default: B

[INFO]: P: H   T: 3   R: T   Z: V   
	VoidRayHallucination/Nexus default:  copyof: VoidRayHallucination/Sentry default: V
	VoidRayHallucination/Voranor default:  copyof: VoidRayHallucination/Sentry default: V

[INFO]: P: H   T: 4   R: F   Z: S   
	MorphToCorpser/Larva default: R copyof: Roach/Larva default: R
	MorphToVile/Larva default: R copyof: Roach/Larva default: R
	MorphtoRoach/Larva default:  copyof: Roach/Larva default: R
	Roach/Larva default: R

[INFO]: P: H   T: D   R: 2   Z: V   
	DarkShrine/Harvester default:  copyof: DarkShrine/Probe default: D
	DarkShrine/Probe default: D
	NydusNetwork/Drone default: N

[INFO]: P: H   T: F   R: Q   Z: H   
	BuildCyclone/Factory default: N
	ResearchCycloneLockOnDamageUpgrade/FactoryTechLab default: O
	ResearchCycloneLockOnDamageUpgrade/FactoryTechReactor default: O

[INFO]: P: H   T: F   R: S   Z: H   
	ResearchShapedBlast/FactoryTechLab default: B copyof: SiegeTank/Factory default: S
	ResearchSiegeTank/ScienceFacility default: T copyof: SiegeTank/Factory default: S

[INFO]: P: H   T: H   R: H   Z: H   
	EnrageQueen/Queen default: 
	HealingPsionicStorm/Archon default: H
	HealingPsionicStorm/HighArchonTemplar default: H
	HealingPsionicStorm/HighTemplar default: H
	Hydralisk/Epilogue02VoidRift default: H
	Hydralisk/VoidRift default: H
	Hydralisk/VoidRiftUnselectable default: H
	Hydralisk/VoidThrasher default: H
	Hydralisk/VoidThrasherWalker default: H
	Overcharge/OrbitalCommand default: 
	Plague/Infestor default: 
	PrimalHydralisk/PrimalTownHall default: H
	PrimalHydralisk/PrimalTownHallUprooted default: H
	PrimalHydralisk/YagdraEggSmall default: H
	ResearchIrradiate/StarportTechLab default: 
	WarpinArbiterTribunal/Probe default: 

[INFO]: P: H   T: H   R: H   Z: R   
	BattleRage/Khraxus default: B
	XaphanForce/Voranor default: X

[INFO]: P: H   T: R   R: F   Z: Q   
	Assimilator/Harvester default:  copyof: Assimilator/Probe default: A
	Assimilator/Probe default: A
	AutomatedExtractor/Drone default: E copyof: Extractor/Drone default: E
	AutomatedRefinery/SCV default: R copyof: Refinery/SCV default: R
	Extractor/Drone default: E
	Refinery/SCV default: R

[INFO]: P: H   T: T   R: C   Z: Y   
	UpgradeToRoboticsFacilityWarp/RoboticsFacility default: G copyof: UpgradeToWarpGate/Gateway default: G
	UpgradeToStargateWarp/Stargate default: G copyof: UpgradeToWarpGate/Gateway default: G

[INFO]: P: I   T: I   R: I   Z: I   
	ColonyInfestation/Overlord default: I
	EvolveHatcheryDoubleQueue/EvolutionChamber default: I
	Immortal/Epilogue02VoidRift default: I
	Immortal/SuperWarpGate default: I
	Immortal/VoidRift default: I
	Immortal/VoidRiftUnselectable default: I
	Immortal/VoidThrasher default: I
	Immortal/VoidThrasherWalker default: I
	MindBolt/K5KerriganBurrowed default: Q
	MindBolt/KerriganVoidBurrowed default: Q copyof: MindBolt/K5KerriganBurrowed default: Q
	SS_CarrierSpawnInterceptor/SS_Plane default: I
	VoidSiphon/Oracle default: D
	WarpInFenixChampion/TwilightCouncil default: F

[INFO]: P: J   T: 6   R: A   Z: B   
	HeroNukeCalldown/Tosh default: N, R copyof: NukeCalldown/Ghost default: N
	OdinNukeCalldown/Odin default: N copyof: NukeCalldown/Ghost default: N
	SpectreNukeCalldown/Spectre default: N copyof: NukeCalldown/Ghost default: N

[INFO]: P: J   T: 6   R: C   Z: Tab   
	MorphToHotSNoxious/Larva default: U copyof: Ultralisk/Larva default: U
	MorphToHotSTorrasque/Larva default: U copyof: Ultralisk/Larva default: U

[INFO]: P: J   T: 6   R: Tab   Z: Y   
	ZealotHallucination/Nexus default:  copyof: ZealotHallucination/Sentry default: Z
	ZealotHallucination/Voranor default:  copyof: ZealotHallucination/Sentry default: Z

[INFO]: P: J   T: J   R: J   Z: J   
	ArtanisChannel/ArtanisVoid default: J
	PsionicLift/K5KerriganBurrowed default: W, T
	PsionicLift/KerriganVoidBurrowed default: T, W copyof: PsionicLift/K5KerriganBurrowed default: W, T
	SiegeTankJumpJet/SiegeTank default: J

[INFO]: P: L   T: L   R: L   Z: L   
	BiodomeLoad/Biodome default: L
	BiodomeLoad/BiodomeHalfBuilt default: L
	BiodomeLoad/InfestableBiodome default: L
	EvolveFlyingLocusts/InfestationPit default: L
	EvolveToLeviathan/Devourer default: L
	EvolveToLeviathan/GuardianMP default: L
	EvolveToLeviathan/Mutalisk default: L
	EvolveToLeviathan/Viper default: L
	GhostVultureLayMine/GhostVulture default: L
	HerculesLoad/HerculesCrashing default: L
	HerculesLoad/NovaShip default: L
	HireDevilDogs/Barracks default: L
	HireHelsAngels/Starport default: A
	HutLoad/DataCore default: L
	HutLoad/Hut default: L
	HutLoad/InfestableHut default: L
	Implosion/KerriganChar default: L
	MercHellion/Factory default: N
	ParkColonistVehicle/ColonistVehicleUnit default: L
	ParkColonistVehicle/ColonistVehicleUnit01 default: L
	ResearchVesselLoad/ResearchVessel default: L
	ResearchVesselLoad/ResearchVesselLanded default: L
	ResourceStun/Oracle default: E
	TransportTruckLoad/TransportTruck default: L
	WarpInDarkArchonChampion/TwilightCouncil default: R

[INFO]: P: L   T: Period   R: L   Z: K   
	MorphBackToGateway/WarpGate default: M
	MorphBackToRoboticsFacility/RoboticsFacilityWarp default: M copyof: MorphBackToGateway/WarpGate default: M
	MorphBackToStargate/StargateWarp default: M copyof: MorphBackToGateway/WarpGate default: M

[INFO]: P: M   T: M   R: M   Z: M   
	MengskUnits/Factory default: M
	MengskUnits/Starport default: M
	MothershipCore/SuperWarpGate default: M
	ResearchReaperSpiderMines/BarracksTechLab default: M

[INFO]: P: N   T: N   R: N   Z: N   
	Archon/ResidualVortex default: N
	Archon/SuperWarpGate default: N
	Archon/VoidRift default: N
	Archon/VoidRiftUnselectable default: N
	Liberator/VoidRift default: N
	Liberator/VoidRiftUnselectable default: N
	NanoRepair/SJSpaceStationValerian default: N
	NukeCalldown/GhostVulture default: N
	ResearchAbathurImprovedToxicNest/EvolutionPit default: N
	ResearchLiberatorAGMode/StarportTechLab default: N

[INFO]: P: N   T: X   R: J   Z: Tab   
	ProbeHallucination/Nexus default:  copyof: ProbeHallucination/Sentry default: E
	ProbeHallucination/Voranor default:  copyof: ProbeHallucination/Sentry default: E

[INFO]: P: None   T: None   R: None   Z: None   
	Disguise/Changeling default: None
	HardenedShield/Immortal default: None
	LeadFarmer/TychusCommando default: None

[INFO]: P: O   T: O   R: O   Z: O   
	EvolveAnabolicSynthesis2/UltraliskCavern default: A
	EvolveOrganicCarapace/RoachWarren default: O
	EvolvePeristalsis/InfestationPit default: P
	FlagshipWarpInPhoenix/Flagship default: O
	OracleEnergyUpgrade/FleetBeacon default: A
	ResearchVoidRaySpeedUpgrade/FleetBeacon default: F
	Spectre/Barracks default: G, S
	StukovBossBlast/InfestedStukov default: B
	WarpInReaverChampion/TwilightCouncil default: E
	WarpInScout/Stargate default: S
	WildMutation/K5KerriganBurrowed default: E
	WildMutation/KerriganVoidBurrowed default: E copyof: WildMutation/K5KerriganBurrowed default: E

[INFO]: P: P   T: P   R: P   Z: P   
	DeepTunnel/Queen default: D
	HireDukesRevenge/Starport default: U
	HireKelmorianMiners/Barracks default: P
	HireSiegeBreakers/Factory default: K
	HotSPressurizedGlands/Locust default: P
	HotSPressurizedGlands/LocustFlying default: P
	HotSPressurizedGlands/SwarmHost default: P
	HotSPressurizedGlands/SwarmHostBurrowed default: P
	HotSPressurizedGlands/SwarmHostRooted default: P
	HotSPressurizedGlands/SwarmHostSplitA default: P
	HotSPressurizedGlands/SwarmHostSplitABurrowed default: P
	HotSPressurizedGlands/SwarmHostSplitARooted default: P
	HotSPressurizedGlands/SwarmHostSplitB default: P
	HotSPressurizedGlands/SwarmHostSplitBBurrowed default: P
	HotSPressurizedGlands/SwarmHostSplitBRooted default: P
	ImmortalityProtocol/Thor default: I
	IncineratorNozzles/DevilDog default:  copyof: IncineratorNozzles/Firebat default: R
	IncineratorNozzles/Firebat default: R
	JackhammerConcussionGrenade/Marauder default: C
	K5Leviathan/K5KerriganBurrowed default: D
	K5Leviathan/KerriganVoidBurrowed default: D copyof: K5Leviathan/K5KerriganBurrowed default: D
	RapidIncubation/SwarmHost default: A
	RapidIncubation/SwarmHostSplitA default: A copyof: RapidIncubation/SwarmHost default: A
	RapidIncubation/SwarmHostSplitABurrowed default: A copyof: RapidIncubation/SwarmHost default: A
	RapidIncubation/SwarmHostSplitARooted default: A copyof: RapidIncubation/SwarmHost default: A
	RapidIncubation/SwarmHostSplitB default: A copyof: RapidIncubation/SwarmHost default: A
	RapidIncubation/SwarmHostSplitBBurrowed default: A copyof: RapidIncubation/SwarmHost default: A
	RapidIncubation/SwarmHostSplitBRooted default: A copyof: RapidIncubation/SwarmHost default: A
	RapidIncubation/SwarmHostSwarmHostBurrowed default: A copyof: RapidIncubation/SwarmHost default: A
	RapidIncubation/SwarmHostSwarmHostRooted default: A copyof: RapidIncubation/SwarmHost default: A
	ReaperSpeed/MercCompound default: N
	RespawnZergling/Hatchery default: Z
	RespawnZergling/Hive default: Z copyof: RespawnZergling/Hatchery default: Z
	RespawnZergling/Lair default: Z copyof: RespawnZergling/Hatchery default: Z
	ShapedBlast/SiegeBreakerSieged default: B
	ShapedBlast/SiegeTankSieged default: B
	SpectreWeaponsFree/Spectre default: G
	StopPlanetaryFortress/KorhalPalaceGate default: P
	StopPlanetaryFortress/MengskPalaceGate default: P
	StopPlanetaryFortress/MercenaryFortress default: P
	StopPlanetaryFortress/WarfieldFortress default: P
	StukovCrystalChannel/InfestedStukov default: Period
	TechReactorAI/Barracks default: Z
	TechReactorAI/Factory default: Z copyof: TechReactorAI/Barracks default: Z
	TechReactorAI/Starport default: Z copyof: TechReactorAI/Barracks default: Z
	TempestRangeUpgrade/FleetBeacon default: S
	TerranShipPlatingLevel2/Armory default: P
	TerranShipPlatingLevel3/Armory default: P
	TorrasqueChrysalis/HotSTorrasque default: Q
	TorrasqueChrysalis/HotSTorrasqueBurrowed default: Q copyof: TorrasqueChrysalis/HotSTorrasque default: Q
	WarpInVulcanChampion/TwilightCouncil default: X
	WraithCloak/StarportTechLab default: L
	WraithCloak/StarportTechReactor default: L copyof: WraithCloak/StarportTechLab default: L

[INFO]: P: P   T: R   R: R   Z: 2   
	HydraliskFrenzy/HydraliskImpaler default: T copyof: Blink/Stalker default: B
	HydraliskFrenzy/HydraliskLurker default: T copyof: Blink/Stalker default: B

[INFO]: P: Period   T: Period   R: Period   Z: Period   
	GasCanisterGather/Probe default: Period
	MercReaper/Barracks default: J
	MercReaper/MercCompound default: J

[INFO]: P: Q   T: Q   R: Q   Z: Q   
	ActivateShieldGenerator/ShadowShieldGenerator default: Q
	ActivateShieldGenerator/ShadowShieldGeneratorSmall default: Q
	AlarakMindBlast/PitAlarak default: Q
	DrakkenLaserDrillBFG/DrakkenLaserDrillCoop default: Q
	EntropicBlast/XelNagaConstruct default: Q
	HybridDominatorPlasmaBlast/HybridDominatorVoid default: Q
	HybridGeneralPhaseShift/HybridGeneral default: Q
	HybridGeneralPhaseShift/HybridNemesis default: Q
	KaiserWormScourgeMissile/VoidThrasher default: Q
	KaiserWormScourgeMissile/VoidThrasherWalker default: Q
	MindBolt/K5KerriganPsiStrike default: Q
	MindBolt/KerriganReviveCocoon default: Q
	NovaWeaponCanisterRifleSnipe/NovaHero default: Q
	NovaWeaponCanisterRifleSnipe/NovaVulture default: Q
	PitMalashPsiShift/PitMalash default: Q
	QueenClassic default: Q
	ShrineGuardianDeath/ShrineGuardian default: Q
	SkyTankLaserBeamFast/SkyTank default: Q
	SlaynElementalGrab/SlaynElemental default: Q
	SquadSight/Monitor default: Q
	SymbioteStab/AbathurSymbioteBrutalisk default: Q
	TorrasqueChrysalis/TorrasqueCorpse default: Q
	VoidRift/NarudEpilogue default: Q
	VoidRift/VoidCorruption default: Q
	VoidRift/VoidRiftAutoBuild default: Q
	VoidRift/VoidShard default: Q
	VoidRift/VoidShardAC default: Q
	VoidSentryShieldRepair/RoguePurifierSupportDroneB default: Q
	VoidSentryShieldRepair/SentryCampaignBase default: Q
	VoidSentryShieldRepairDouble/SentryCampaignBase default: Q
	ZagaraVoidCoopBanelingBarrage/ZagaraReviveCocoon default: Q

[INFO]: P: R   T: R   R: R   Z: E   
	GiantYetiLeap/GiantYeti default: Q
	ResearchReaper/ScienceFacility default: R
	WormholeTransit/Predator default: 

[INFO]: P: R   T: R   R: R   Z: R   
	ArchAngelCoopRepel/ArchAngelCoopAssault default: R
	BrokenDrakkenLaserDrill/DrakkenLaserDrillCoop default: R
	BuildScarab/Reaver default: 
	CarrierRepairDroneHeal/CarrierRepairDrone default: R
	DarkSwarm/Infestor default: 
	DeploySpiderMines/SiegeTank default: R
	Detonate/SpiderMine default: 
	EMP/ScienceVessel default: 
	EnergizerReclamation/SentryCampaignBase default: R
	EvadeObserver/Observer default: 
	EvolveViperImprovedCastRange/InfestationPit default: R
	EvolveViperImprovedCastRange/Viper default: R
	Guardian/Mutalisk default: 
	HotSBioPlasmidDischarge/HotSLeviathan default: Q
	HunterSeekerMissile/SS_Plane default: R
	HybridFAoEStun/Hybrid default: R
	HybridFAoEStun/HybridBehemoth default: R
	HybridFAoEStun/ShadowOfTheVoidHybrid default: R
	HyperionKorhalRegen/HyperionKorhal default: R
	InjectLarva/Queen default: 
	LaunchNullWard/NullSphere default: 
	LockdownRound/Ghost default: 
	Matrix/Medic default: 
	MercMedicHealToggle/MercMedic default: R
	PhaseMissile/Scout default: 
	PitAlarakSuperMove/PitAlarak default: R
	PitMalashSuperMove/PitMalash default: R
	PlaceWard/Oracle default: 
	PrimalBuildingRoot/PrimalTownHallUprooted default: R
	PrimalRoach/PrimalTownHall default: R
	PrimalRoach/PrimalTownHallUprooted default: R
	Probe/KhaydarinNexus default: 
	Reaper/ReaperPlacement default: R
	ResearchBattlecruiserSpecializations/FusionReactor default: R
	ResearchGraviticBooster/Observatory default: 
	ResearchKaraxTurretRange/KhaydarinMonolith default: R
	ResearchKaraxTurretRange/PhotonCannon default: R
	ResearchKaraxTurretRange/ShieldBattery default: R
	ResearchMatrix/BarracksTechLab default: 
	ResearchSpiderMines/FactoryTechLab default: 
	ResearchTimeWarp/FleetBeacon default: 
	ResearchTurboGripper/StarportTechLab default: 
	Roach/VoidRift default: R
	Roach/VoidRiftUnselectable default: R
	SJHyperionBlink/Battlecruiser default: 
	SlivanPuke/Devourer default: 
	Snipe/GhostVulture default: R
	SpiderMineReplenish/MercVulture default: R
	SporeColony/CreepColony default: R
	StasisField/Arbiter default: 
	StasisField/ArbiterTribunal default: 
	SwarmHostRootBurrow default: R
	TitanMechRepel/TitanMechAssault default: R
	UseSpiderMine/Vulture default: 
	VespeneDrone/DroneOperator default: R
	VespeneDrone/VespeneDrone default: R
	WarbotA/VoidCoopWarbot default: R
	WarpInDarkArchonChampion/SuperWarpGate default: R
	WarpinDragoon/Gateway default: 
	XelNagaConstructSmash/XelNagaConstruct default: R
	YagdraTunnel/AbathurLavaWorm default: R
	YagdraTunnel/Yagdra default: R

[INFO]: P: S   T: S   R: S   Z: S   
	ResearchKaraxEnergyRegenUpgrade/SentryCampaignBase default: S
	ResearchKaraxEnergyRegenUpgrade/SentryPurifier default: S
	ResearchKaraxEnergyRegenUpgrade/ShieldBattery default: S
	SS_LeviathanTentacleAttackR1/SS_Plane default: S
	Separatist/Barracks default: S
	ShadowMissile/ResidualVortex default: S
	SiegeTank/Epilogue02VoidRift default: S
	SiegeTank/VoidRift default: S
	SiegeTank/VoidRiftUnselectable default: S
	SiegeTank/VoidThrasher default: S
	SiegeTank/VoidThrasherWalker default: S
	StartColonistVehicle/ColonistVehicleUnit default: S
	StartColonistVehicle/ColonistVehicleUnit01 default: S
	StopBunker/Bunker default: S
	TerranShipWeaponsLevel2/Armory default: S
	TerranShipWeaponsLevel3/Armory default: S
	WarpInFenixChampionAir/TwilightCouncil default: S
	WarpInScout/SuperWarpGate default: S

[INFO]: P: SemiColon   T: SemiColon   R: SemiColon   Z: SemiColon   
	CampaignVehicles/Factory default: A
	CampaignVehicles/Starport default: A
	MengskUnits/Barracks default: M
	MercMedic/Barracks default: B

[INFO]: P: T   T: T   R: T   Z: T   
	ActivateStasisWard/OracleStasisTrap default: T
	AetherMawAetherStorm/AmonAetherMawEpilogue03 default: T
	BioStasis/Leviathan default: T
	EvolveViperAbductImprovedStun/InfestationPit default: T
	EvolveViperAbductImprovedStun/Viper default: T
	FlagshipTimeBomb/Flagship default: T
	HydraliskFrenzy/HydraliskEvolved default: T
	MissileTurret/KelMorianWorker default: T
	MorphtoOverseer/Overseer default: T
	MorphtoOverseerNormal/Overseer default: T
	Mutalisk/Epilogue02VoidRift default: T
	Mutalisk/VoidRift default: T
	Mutalisk/VoidRiftUnselectable default: T
	Mutalisk/VoidThrasher default: T
	Mutalisk/VoidThrasherWalker default: T
	OmegaStorm/Kerrigan default: T
	OmegaStorm/KerriganChar default: T
	PrimalMutalisk/PrimalTownHall default: T
	PrimalMutalisk/PrimalTownHallUprooted default: T
	PsiStorm/HighTemplarShakuras default: T
	PsiStorm/HybridDominator default: T
	PsiStorm/HybridDominatorVoid default: T
	PsiStorm/Karass default: T
	PsiStorm/ShadowOfTheVoidHybridDominator default: T
	PsiStorm/Tassadar default: T
	PsiStorm/ZenithStone default: T
	QueenBurstHeal/BroodMother default: T
	ResearchAbathurHiddenToxicNest/EvolutionPit default: T
	Scout/Stargate default: T
	Taunt/Ball default: T
	Thor/VoidRift default: T
	Thor/VoidRiftUnselectable default: T
	Transfusion/EvolutionChamber default: T
	Transfusion/ZaGara default: T
	TransportMode/WarpPrismGiant default: T
	VoidThrasherLightningAoE/VoidThrasher default: T
	VoidThrasherLightningAoE/VoidThrasherWalker default: T
	WarpInArtanisChampion/SuperWarpGate default: T
	WarpInArtanisChampion/TwilightCouncil default: T
	WormholeTransit/TalDarimMothership default: T
	XelNagaConstructChaseBeam/XelNagaConstruct default: T

[INFO]: P: Tab   T: X   R: Tab   Z: B   
	GhostHoldFire/Ghost default: F
	WeaponsFree/Ghost default: G

[INFO]: P: U   T: U   R: U   Z: U   
	BiodomeUnloadAll/Biodome default: U
	BiodomeUnloadAll/BiodomeHalfBuilt default: U
	BiodomeUnloadAll/InfestableBiodome default: U
	Bunker/KelMorianWorker default: U
	FlagshipWarpInScout/Flagship default: U
	HutUnloadAll/DataCore default: U
	HutUnloadAll/Hut default: U
	HutUnloadAll/InfestableHut default: U
	LeviathanSpawnMutalisk/Leviathan default: U
	LeviathanSpawnMutalisk/SpacePlatformVentsUnit default: U
	PrimalUltralisk/PrimalTownHall default: U
	PrimalUltralisk/PrimalTownHallUprooted default: U
	PrimalUltralisk/YagdraEggBig default: U
	ResearchFireSuppression/ScienceFacility default: Y
	TransportTruckUnloadAll/TransportTruck default: U
	Ultralisk/Epilogue02VoidRift default: U
	Ultralisk/VoidRift default: U
	Ultralisk/VoidRiftUnselectable default: U
	Ultralisk/VoidThrasher default: U
	Ultralisk/VoidThrasherWalker default: U
	VoidTendrilUnstableEnergy/VoidShard default: U

[INFO]: P: V   T: 3   R: 2   Z: 2   
	AscendantSacrifice/HighTemplarTaldarim default: R
	HyperionAdvancedPDD/HyperionVoidCoop default: R
	LightofAiur/Oracle default: T
	OracleBuildStasisTrap/Oracle default: T
	ShadowBlade/ZeratulVoidAiur01 default: E
	VoidShieldCapacitor/FenixChampion default: C

[INFO]: P: V   T: 3   R: 2   Z: B   
	BunkerLoad default: L
	HerculesLoad/Hercules default: L copyof: BunkerLoad default: L
	SwarmQueenHydralisk/HugeSwarmQueen default: D
	SwarmQueenHydralisk/SwarmQueenEgg default: D copyof: SwarmQueenHydralisk/HugeSwarmQueen default: D
	SwarmQueenHydraliskImpaler/HugeSwarmQueen default: D copyof: SwarmQueenHydralisk/HugeSwarmQueen default: D
	SwarmQueenHydraliskImpaler/LargeSwarmQueen default:  copyof: SwarmQueenHydralisk/HugeSwarmQueen default: D
	SwarmQueenHydraliskImpaler/SwarmQueen default:  copyof: SwarmQueenHydralisk/HugeSwarmQueen default: D
	SwarmQueenHydraliskLurker/HugeSwarmQueen default: D copyof: SwarmQueenHydralisk/HugeSwarmQueen default: D
	SwarmQueenHydraliskLurker/LargeSwarmQueen default:  copyof: SwarmQueenHydralisk/HugeSwarmQueen default: D
	SwarmQueenHydraliskLurker/SwarmQueen default:  copyof: SwarmQueenHydralisk/HugeSwarmQueen default: D

[INFO]: P: V   T: 3   R: 2   Z: Z   
	GrowHugeQueen/LargeSwarmQueen default: G copyof: GrowSwarmQueen/LarvalQueen default: G
	GrowLargeQueen/SwarmQueen default: G copyof: GrowSwarmQueen/LarvalQueen default: G
	GrowSwarmQueen/LarvalQueen default: G

[INFO]: P: V   T: 3   R: A   Z: H   
	ResearchStructureBarrier/Forge default: B
	ViperConsume/Viper default: C

[INFO]: P: V   T: 3,Z   R: S,C   Z: G,B   
	QueenBurstHeal/Queen default: T
	Transfusion/BroodMother default:  copyof: Transfusion/Queen default: T
	Transfusion/Queen2 default:  copyof: Transfusion/Queen default: T

[INFO]: P: V   T: 4   R: 2   Z: Q   
	DarkArchonMindControl/DarkArchon default: R
	ResearchDarkArchonMindControl/DarkShrine default: C
	SpectreDomination/Spectre default: D

[INFO]: P: V   T: 4   R: F   Z: Q   
	MercCompound/SCV default: M
	RoboticsBay/Harvester default:  copyof: RoboticsBay/Probe default: B
	RoboticsBay/Probe default: B

[INFO]: P: V   T: 4   R: R   Z: H   
	Barracks/SCV default: B
	Gateway/Harvester default:  copyof: Gateway/Probe default: G
	Gateway/Probe default: G
	HydraliskDen/Drone default: H
	RoachWarren/Drone default: R

[INFO]: P: V   T: 4   R: S   Z: S   
	ResearchMaelstromRounds/FactoryTechLab default: M
	ResearchMaelstromRounds/FactoryTechReactor default: M
	SiegeTank/Factory default: S

[INFO]: P: V   T: 5   R: 2   Z: 2   
	ResearchSeekerMissile/StarportTechLab default: R
	ResearchSeekerMissile/StarportTechReactor default: R copyof: ResearchSeekerMissile/StarportTechLab default: R

[INFO]: P: V   T: 5   R: 5   Z: S   
	ResearchGoliath/ScienceFacility default: G copyof: HellionTank/Factory default: R
	ResearchMultiLockTargetingSystem/FactoryTechLab default: W
	ResearchMultiLockTargetingSystem/FactoryTechReactor default: W copyof: ResearchMultiLockTargetingSystem/FactoryTechLab default: W

[INFO]: P: V   T: 5   R: Q   Z: H   
	HighTemplarHallucination/Nexus default:  copyof: HighTemplarHallucination/Sentry default: T
	HighTemplarHallucination/Voranor default:  copyof: HighTemplarHallucination/Sentry default: T
	Raven/Starport default: R, B
	ResearchExplosiveShrapnelShells/StarportTechLab default: E

[INFO]: P: V   T: 5   R: S   Z: S   
	Salvage/KelMorianGrenadeTurret default: V copyof: Salvage/Bunker default: V
	Salvage/KelMorianMissileTurret default: V copyof: Salvage/Bunker default: V
	Salvage/MissileTurret default: V copyof: Salvage/Bunker default: V
	Salvage/PerditionTurret default: V copyof: Salvage/Bunker default: V

[INFO]: P: V   T: D   R: 2   Z: G   
	EnableBuildingAttack/Baneling default: F
	EnableBuildingAttack/HotSHunter default: F copyof: EnableBuildingAttack/Baneling default: F
	EnableBuildingAttack/HotSSplitterlingBig default: F copyof: EnableBuildingAttack/Baneling default: F
	EnableBuildingAttack/baneling default:  copyof: EnableBuildingAttack/Baneling default: F
	EnableBuildingAttack/baneling2 default:  copyof: EnableBuildingAttack/Baneling default: F
	EnableBuildingAttackSplitterling/HotSSplitterlingBig default: F copyof: EnableBuildingAttack/Baneling default: F

[INFO]: P: V   T: D   R: 2   Z: S   
	EnergizerReclamation/SentryPurifier default: R
	InfestedTerrans/Infestor default: T
	InfestedTerrans/Infestor2 default:  copyof: InfestedTerrans/Infestor default: T
	InfestedTerrans/InfestorBurrowed default: T copyof: InfestedTerrans/Infestor default: T
	StukovInfestedTerrans/InfestedStukov default: W, T copyof: InfestedTerrans/Infestor default: T

[INFO]: P: V   T: D   R: W   Z: S   
	TerranVehicleWeaponsUltraCapacitorsLevel1/Armory default: E copyof: TerranVehicleWeaponsLevel1/Armory default: E
	TerranVehicleWeaponsUltraCapacitorsLevel2/Armory default: E copyof: TerranVehicleWeaponsLevel1/Armory default: E
	TerranVehicleWeaponsUltraCapacitorsLevel3/Armory default: E copyof: TerranVehicleWeaponsLevel1/Armory default: E

[INFO]: P: V   T: F   R: 2   Z: Q   
	EvolveViciousGlaive/GreaterSpire default: V
	EvolveViciousGlaive/Spire default: V

[INFO]: P: V   T: F   R: Q   Z: B   
	Infestor/Larva default: F
	MorphtoDefiler/Larva default:  copyof: Infestor/Larva default: F
	Queen default: Q

[INFO]: P: V   T: F   R: Q   Z: H   
	BuildScienceVessel/Starport default: R copyof: Raven/Starport default: R, B
	Ghost/Barracks default: G

[INFO]: P: V   T: R   R: R   Z: S   
	LocustFlyingLaunch/SwarmHostSplitABurrowed default: C copyof: SwarmHost/SwarmHostBurrowedMP default: C
	LocustFlyingLaunch/SwarmHostSplitARooted default: C copyof: SwarmHost/SwarmHostBurrowedMP default: C
	LocustLaunch/SwarmHostBurrowed default: C copyof: SwarmHost/SwarmHostBurrowedMP default: C
	LocustLaunch/SwarmHostRooted default: C copyof: SwarmHost/SwarmHostBurrowedMP default: C
	LocustLaunchCreeper/SwarmHostSplitBBurrowed default: C copyof: SwarmHost/SwarmHostBurrowedMP default: C
	LocustLaunchCreeper/SwarmHostSplitBRooted default: C copyof: SwarmHost/SwarmHostBurrowedMP default: C

[INFO]: P: V   T: T   R: 2   Z: B   
	IgniteAfterburners/Banshee default: B
	IgniteAfterburners/Battlecruiser default: B
	IgniteAfterburners/Liberator default: B
	IgniteAfterburners/SiegeTank default: B
	IgniteAfterburners/VikingAssault default: B
	IgniteAfterburners/Vulture default: B

[INFO]: P: V   T: V   R: V   Z: V   
	EnergyNova/Artifact default: V
	EvolveBurrowCharge/Hatchery default: 
	MorphMorphalisk/ZaGara default: V
	MorphToOverseer/VoidRift default: V
	MorphToOverseer/VoidRiftUnselectable default: V
	PhaseMineBlast/VoidSeeker default: V
	PhaseMineBlast/VoidSeekerCrashed default: V
	PrologueVoidArmor/PrologueZeratul default: V
	PsionicShockwave/HybridDominator default: V
	PsionicShockwave/HybridDominatorVoid default: V
	PsionicShockwave/Maar default: V
	PsionicShockwave/ShadowOfTheVoidHybridDominator default: V
	PurificationNova/DisruptorPhased default: V
	Ravager/RoachCorpser default: V
	Ravager/RoachVile default: V
	ResearchPlasmaCharge/RoboticsBay default: 
	SS_LeviathanTentacleAttackL2NoDelay/SS_Plane default: V
	Salvage/PerditionTurretUnderground default: V
	TerranVehiclePlatingLevel2/Armory default: V
	TerranVehiclePlatingLevel3/Armory default: V
	VoidRay/Epilogue02VoidRift default: V
	VoidRay/SuperWarpGate default: V
	VoidRay/VoidRift default: V
	VoidRay/VoidRiftUnselectable default: V
	VoidRay/VoidThrasher default: V
	VoidRay/VoidThrasherWalker default: V
	VoidTendrilShockwave/VoidShard default: V
	Vortex/Purifier default: V
	Vortex/TalDarimMothership default: V
	WarpInReaver/RoboticsFacility default: 

[INFO]: P: V   T: Z   R: 2   Z: 2   
	PrimalHeal/K5Kerrigan default:  copyof: WildMutation/K5Kerrigan default: E
	SpawnBanelings/K5Kerrigan default:  copyof: WildMutation/K5Kerrigan default: E
	WildMutation/K5Kerrigan default: E
	WildMutation/KerriganVoid default: E copyof: WildMutation/K5Kerrigan default: E

[INFO]: P: W   T: W   R: W   Z: W   
	NovaGadgetPulseGrenades/NovaHero default: W
	NovaGadgetPulseGrenades/NovaVulture default: W
	PsionicLift/KerriganReviveCocoon default: W
	SS_TerraTronSawAttack/SS_Plane default: W
	SkyTankLaserBeamSlow/SkyTank default: W
	SwarmQueenRaptor/SwarmQueenEgg default: W
	SwarmQueenSwarmling/SwarmQueenEgg default: W
	ZagaraVoidCoopSpawnHunterKillers/ZagaraReviveCocoon default: W

[INFO]: P: X   T: 6   R: A   Z: H   
	NukeCalldown/Ghost default: N
	NukeCalldown/Spectre default: N

[INFO]: P: X   T: 6   R: C   Z: Y   
	HiveMindEmulator/SCV default: I
	PsiDisruptor/SCV default: I copyof: HiveMindEmulator/SCV default: I

[INFO]: P: X   T: C   R: C   Z: B   
	StalkerHallucination/Nexus default:  copyof: StalkerHallucination/Sentry default: S
	Summon2DragoonHallucinations/Sentry default:  copyof: StalkerHallucination/Sentry default: S
	Summon2DragoonHallucinations/Voranor default:  copyof: StalkerHallucination/Sentry default: S

[INFO]: P: X   T: T   R: A   Z: B   
	Land default: L
	Lift default: L

[INFO]: P: X   T: X   R: A   Z: B   
	Apocalypse/K5Kerrigan default:  copyof: K5Leviathan/K5Kerrigan default: D
	K5DropPods/K5Kerrigan default: D copyof: K5Leviathan/K5Kerrigan default: D
	K5Leviathan/K5Kerrigan default: D
	K5Leviathan/KerriganVoid default: D copyof: K5Leviathan/K5Kerrigan default: D

[INFO]: P: X   T: X   R: T   Z: A   
	MorphToSwarmHostSplitA/Larva default: A copyof: SwarmHostMP/Larva default: A
	MorphToSwarmHostSplitB/Larva default: A copyof: SwarmHostMP/Larva default: A

[INFO]: P: X   T: X   R: X   Z: X   
	Phoenix/SuperWarpGate default: X
	Phoenix/VoidRift default: X
	Phoenix/VoidRiftUnselectable default: X
	SS_LeviathanTentacleAttackR1NoDelay/SS_Plane default: X
	ToxicNestExplode/ToxicNestBurrowed default: X
	WarpInVulcanChampion/SuperWarpGate default: X

[INFO]: P: Y   T: Y   R: Y   Z: Y   
	DarkShrineAssignRally/DarkShrine default: Y
	HyperionKorhalYamato/HyperionKorhal default: Y
	HyperionYamatoGun/Hyperion default: Y
	SetRallyPointSwarmHost/LocustNestBurrowed default: Y

[INFO]: P: Z   T: T   R: Z   Z: Z   
	CancelCocoon default:  copyof: Cancel default: Escape
	CancelMutateMorph default:  copyof: Cancel default: Escape
	CancelUpgradeMorph default:  copyof: Cancel default: Escape
	SJHyperionFightersRecall/SJHyperion default: X

[INFO]: P: Z   T: Z   R: S   Z: 2   
	ParasiticInvasion/LarvalQueen default: Q
	SwarmQueenParasiticInvasion/HugeSwarmQueen default: Q copyof: ParasiticInvasion/LarvalQueen default: Q
	SwarmQueenParasiticInvasion/LargeSwarmQueen default: Q copyof: ParasiticInvasion/LarvalQueen default: Q
	SwarmQueenParasiticInvasion/SwarmQueen default: Q copyof: ParasiticInvasion/LarvalQueen default: Q

[INFO]: P: Z   T: Z   R: Z   Z: C   
	Consume/GiantYeti default: W copyof: ParasiticInvasion/LarvalQueen default: Q
	Consume/Lyote default: W copyof: ParasiticInvasion/LarvalQueen default: Q

[INFO]: P: Z   T: Z   R: Z   Z: Z   
	ActivateIbikisCannon/PlanetaryFortress default: 
	Cancel default: Escape
	Glare/Oracle default: 
	KraithSpineVolley/Kraith default: Z
	NerveJam/ScienceVessel default: 
	NurturingSwarm/Queen default: 
	PrimalZergling/PrimalTownHall default: Z
	PrimalZergling/PrimalTownHallUprooted default: Z
	PrimalZergling/YagdraEggSmall default: Z
	ProtossBuildAdvanced/Harvester default:  copyof: ProtossBuildAdvanced/Probe default: V
	ProtossBuildAdvanced/Probe default: V
	ResearchEMP/StarportTechLab default: 
	SS_LeviathanTentacleAttackR2NoDelay/SS_Plane default: Z
	SS_TerraTronBeamAttack/SS_Plane default: Z
	TechReactorAI/BarracksFlying default: Z
	TechReactorAI/FactoryFlying default: Z
	TechReactorAI/StarportFlying default: Z
	TerranBuildAdvanced/SCV default: V
	VoidTendrilVoidZone/VoidShard default: Z
	ZergBuildAdvanced/Drone default: V
	Zergling/Epilogue02VoidRift default: Z
	Zergling/VoidRift default: Z
	Zergling/VoidRiftUnselectable default: Z
	Zergling/VoidThrasher default: Z
	Zergling/VoidThrasherWalker default: Z

[INFO]: P: Escape   T: Escape   R: Escape   Z: Escape   
	ChatCancel default: Escape
	CinematicSkip default: Escape
	ObserveClearSelection default: Escape
	SelectionCancelDrag default: Escape

----------------------------
Finished (suggest inherit) - INFOs: 194 
============================